<?xml version="1.0" encoding="UTF-8"?>
<!-- Generated by org.testng.reporters.JUnitXMLReporter -->
<testsuite ignored="0" hostname="SPMUMLAP-043" failures="0" tests="8" name="Default test" time="1081.318" errors="0" timestamp="2025-06-09T18:13:38 IST">
  <testcase classname="com.test.CollectionAgency_AllocationSummary.All_Scenrios_CollectionAgency_Allocation_Summary_Test" name="testLoginAndNavigateToDashboard" time="63.238"/>
  <testcase classname="com.test.CollectionAgency_AllocationSummary.All_Scenrios_CollectionAgency_Allocation_Summary_Test" name="testGridColumnsDisplay" time="40.795"/>
  <testcase classname="com.test.CollectionAgency_AllocationSummary.All_Scenrios_CollectionAgency_Allocation_Summary_Test" name="testDownloadAccountDetails" time="19.258"/>
  <testcase classname="com.test.CollectionAgency_AllocationSummary.All_Scenrios_CollectionAgency_Allocation_Summary_Test" name="testEmptyGridError" time="10.514"/>
  <testcase classname="com.test.CollectionAgency_AllocationSummary.All_Scenrios_CollectionAgency_Allocation_Summary_Test" name="testAgentCretion" time="49.728"/>
  <testcase classname="com.test.CollectionAgency_AllocationSummary.All_Scenrios_CollectionAgency_Allocation_Summary_Test" name="testAgenyAllocationEndToEnd" time="202.47"/>
  <testcase classname="com.test.CollectionAgency_AllocationSummary.All_Scenrios_CollectionAgency_Allocation_Summary_Test" name="testAgentAllocationEndToEnd" time="597.94"/>
  <testcase classname="com.test.CollectionAgency_AllocationSummary.All_Scenrios_CollectionAgency_Allocation_Summary_Test" name="testDownloadedFileFormat" time="95.361"/>
</testsuite> <!-- Default test -->
