<?xml version="1.0" encoding="UTF-8"?>
<!-- Generated by org.testng.reporters.JUnitXMLReporter -->
<testsuite ignored="0" hostname="SPMUMLAP-043" failures="0" tests="10" name="Default test" time="310.918" errors="0" timestamp="2025-05-30T15:48:31 IST">
  <testcase classname="Core.CallCentre.All_Scenrios_Core_Allocation_Summary_Test" name="testLogin" time="59.91"/>
  <testcase classname="Core.CallCentre.All_Scenrios_Core_Allocation_Summary_Test" name="testVerifyAllocationSummarySubmenu" time="8.482"/>
  <testcase classname="Core.CallCentre.All_Scenrios_Core_Allocation_Summary_Test" name="testClickOnAllocationSummarySubmenu" time="3.254"/>
  <testcase classname="Core.CallCentre.All_Scenrios_Core_Allocation_Summary_Test" name="testVerifyFieldsAndButtonsOnAllocationSummary" time="0.636"/>
  <testcase classname="Core.CallCentre.All_Scenrios_Core_Allocation_Summary_Test" name="testSearchWithoutSelectingCallCentreDropdown" time="50.294"/>
  <testcase classname="Core.CallCentre.All_Scenrios_Core_Allocation_Summary_Test" name="testSearchWithSelectedCallCentre" time="0.311"/>
  <testcase classname="Core.CallCentre.All_Scenrios_Core_Allocation_Summary_Test" name="testDownloadMonthlyAllocationSummary" time="71.112"/>
  <testcase classname="Core.CallCentre.All_Scenrios_Core_Allocation_Summary_Test" name="testDataVerificationInDownloadedFile" time="29.02"/>
  <testcase classname="Core.CallCentre.All_Scenrios_Core_Allocation_Summary_Test" name="testDownloadDailyAllocationFromMonthlySummary" time="56.791"/>
  <testcase classname="Core.CallCentre.All_Scenrios_Core_Allocation_Summary_Test" name="testDataVerificationInDailyDownloadedFile" time="29.261"/>
</testsuite> <!-- Default test -->
