<?xml version="1.0" encoding="UTF-8"?>
<testng-results skipped="0" failed="0" total="1" passed="1">
  <reporter-output>
  </reporter-output>
  <suite name="Default suite" duration-ms="352578" started-at="2025-01-09T09:45:56Z" finished-at="2025-01-09T09:51:49Z">
    <groups>
    </groups>
    <test name="Default test" duration-ms="352578" started-at="2025-01-09T09:45:56Z" finished-at="2025-01-09T09:51:49Z">
      <class name="com.CollectionAgency.SecurityManagement.RoleManagement_Test">
        <test-method status="PASS" signature="reference()[pri:0, instance:com.CollectionAgency.SecurityManagement.RoleManagement_Test@4c70fda8]" name="reference" is-config="true" duration-ms="484" started-at="2025-01-09T15:15:56Z" finished-at="2025-01-09T15:15:56Z">
          <reporter-output>
          </reporter-output>
        </test-method> <!-- reference -->
        <test-method status="PASS" signature="RUNALL(java.util.Map, org.testng.ITestContext)[pri:0, instance:com.CollectionAgency.SecurityManagement.RoleManagement_Test@4c70fda8]" name="RUNALL" duration-ms="351844" started-at="2025-01-09T15:15:57Z" data-provider="TestData" finished-at="2025-01-09T15:21:49Z">
          <params>
            <param index="0">
              <value>
                <![CDATA[{AlphanumericName=Role25, Role Name=Newman19, Run=Yes, specialCharacters=^%$, TestScenario=TC_ProcessSheet_CollectionAgency}]]>
              </value>
            </param>
            <param index="1">
              <value>
                <![CDATA[org.testng.TestRunner@2a640157]]>
              </value>
            </param>
          </params>
          <reporter-output>
          </reporter-output>
        </test-method> <!-- RUNALL -->
      </class> <!-- com.CollectionAgency.SecurityManagement.RoleManagement_Test -->
    </test> <!-- Default test -->
  </suite> <!-- Default suite -->
</testng-results>
