<?xml version="1.0" encoding="UTF-8"?>
<testng-results ignored="0" total="1" passed="1" failed="0" skipped="0">
  <reporter-output>
  </reporter-output>
  <suite started-at="2025-05-13T20:59:09 IST" name="Default suite" finished-at="2025-05-13T21:04:10 IST" duration-ms="301229">
    <groups>
    </groups>
    <test started-at="2025-05-13T20:59:09 IST" name="Default test" finished-at="2025-05-13T21:04:10 IST" duration-ms="301229">
      <class name="Core.CallCentre.All_Scenrios_Core_Allocation_Summary_Test">
        <test-method is-config="true" signature="reference()[pri:0, instance:Core.CallCentre.All_Scenrios_Core_Allocation_Summary_Test@1787f2a0]" started-at="2025-05-13T20:59:08 IST" name="reference" finished-at="2025-05-13T20:59:09 IST" duration-ms="540" status="PASS">
          <reporter-output>
          </reporter-output>
        </test-method> <!-- reference -->
        <test-method signature="Loan_Closure_Cash(java.util.Map,org.testng.ITestContext)[pri:0, instance:Core.CallCentre.All_Scenrios_Core_Allocation_Summary_Test@1787f2a0]" started-at="2025-05-13T20:59:10 IST" name="Loan_Closure_Cash" data-provider="TestData" finished-at="2025-05-13T21:04:10 IST" duration-ms="300432" status="PASS">
          <params>
            <param index="0">
              <value>
                <![CDATA[{Account_No=, Account_No1=, NoOfShares=, pcRegFormName=, pcRegFormPcName=, Run=Yes, TestScenario=Allocation Summary}]]>
              </value>
            </param>
            <param index="1">
              <value>
                <![CDATA[org.testng.TestRunner@270b6b5e]]>
              </value>
            </param>
          </params>
          <reporter-output>
          </reporter-output>
        </test-method> <!-- Loan_Closure_Cash -->
      </class> <!-- Core.CallCentre.All_Scenrios_Core_Allocation_Summary_Test -->
    </test> <!-- Default test -->
  </suite> <!-- Default suite -->
</testng-results>
