<?xml version="1.0" encoding="UTF-8"?>
<testng-results ignored="0" total="11" passed="8" failed="3" skipped="0">
  <reporter-output>
  </reporter-output>
  <suite started-at="2025-01-29T11:55:07 IST" name="Default suite" finished-at="2025-01-29T11:59:16 IST" duration-ms="248745">
    <groups>
    </groups>
    <test started-at="2025-01-29T11:55:07 IST" name="Default test" finished-at="2025-01-29T11:59:16 IST" duration-ms="248745">
      <class name="Core.SecurityManagement.CallCentre_UserManagement">
        <test-method is-config="true" signature="reference()[pri:0, instance:Core.SecurityManagement.CallCentre_UserManagement@291caca8]" started-at="2025-01-29T11:54:01 IST" name="reference" finished-at="2025-01-29T11:55:07 IST" duration-ms="66659" status="PASS">
          <reporter-output>
          </reporter-output>
        </test-method> <!-- reference -->
        <test-method is-config="true" signature="ExtentTestManagerStartTest(java.lang.reflect.Method)[pri:0, instance:Core.SecurityManagement.CallCentre_UserManagement@291caca8]" started-at="2025-01-29T11:55:07 IST" name="ExtentTestManagerStartTest" finished-at="2025-01-29T11:55:10 IST" duration-ms="2105" status="PASS">
          <params>
            <param index="0">
              <value>
                <![CDATA[public void Core.SecurityManagement.CallCentre_UserManagement.Login_to_Beacon_FCM() throws java.lang.Throwable]]>
              </value>
            </param>
          </params>
          <reporter-output>
          </reporter-output>
        </test-method> <!-- ExtentTestManagerStartTest -->
        <test-method signature="Login_to_Beacon_FCM()[pri:1, instance:Core.SecurityManagement.CallCentre_UserManagement@291caca8]" started-at="2025-01-29T11:55:10 IST" name="Login_to_Beacon_FCM" finished-at="2025-01-29T11:55:10 IST" duration-ms="12" status="PASS">
          <reporter-output>
          </reporter-output>
        </test-method> <!-- Login_to_Beacon_FCM -->
        <test-method is-config="true" signature="ExtentTestManagerStartTest(java.lang.reflect.Method)[pri:0, instance:Core.SecurityManagement.CallCentre_UserManagement@291caca8]" started-at="2025-01-29T11:55:10 IST" name="ExtentTestManagerStartTest" finished-at="2025-01-29T11:55:10 IST" duration-ms="1" status="PASS">
          <params>
            <param index="0">
              <value>
                <![CDATA[public void Core.SecurityManagement.CallCentre_UserManagement.Access_User_Management_Page() throws java.lang.Throwable]]>
              </value>
            </param>
          </params>
          <reporter-output>
          </reporter-output>
        </test-method> <!-- ExtentTestManagerStartTest -->
        <test-method signature="Access_User_Management_Page()[pri:2, instance:Core.SecurityManagement.CallCentre_UserManagement@291caca8]" started-at="2025-01-29T11:55:10 IST" name="Access_User_Management_Page" finished-at="2025-01-29T11:55:18 IST" duration-ms="8477" status="PASS">
          <reporter-output>
          </reporter-output>
        </test-method> <!-- Access_User_Management_Page -->
        <test-method signature="Validate_User_Management_Page_Elements()[pri:3, instance:Core.SecurityManagement.CallCentre_UserManagement@291caca8]" started-at="2025-01-29T11:55:18 IST" name="Validate_User_Management_Page_Elements" finished-at="2025-01-29T11:56:19 IST" duration-ms="60768" status="FAIL">
          <exception class="org.openqa.selenium.TimeoutException">
            <message>
              <![CDATA[Expected condition failed: waiting for presence of element located by: By.xpath: //a[text()='Add User'] (tried for 60 second(s) with 500 milliseconds interval)]]>
            </message>
            <full-stacktrace>
              <![CDATA[org.openqa.selenium.TimeoutException: Expected condition failed: waiting for presence of element located by: By.xpath: //a[text()='Add User'] (tried for 60 second(s) with 500 milliseconds interval)
at org.openqa.selenium.support.ui.WebDriverWait.timeoutException(WebDriverWait.java:84)
at org.openqa.selenium.support.ui.FluentWait.until(FluentWait.java:230)
at com.BasePackage.Base_Class.ElementDisplayed(Base_Class.java:159)
at Core.SecurityManagement.UserManagement_Page.LocatorDisplayed(UserManagement_Page.java:69)
at Core.SecurityManagement.CallCentre_UserManagement.Validate_User_Management_Page_Elements(CallCentre_UserManagement.java:146)
at java.base/jdk.internal.reflect.DirectMethodHandleAccessor.invoke(DirectMethodHandleAccessor.java:103)
at java.base/java.lang.reflect.Method.invoke(Method.java:580)
at org.testng.internal.MethodInvocationHelper.invokeMethod(MethodInvocationHelper.java:133)
at org.testng.internal.TestInvoker.invokeMethod(TestInvoker.java:598)
at org.testng.internal.TestInvoker.invokeTestMethod(TestInvoker.java:173)
at org.testng.internal.MethodRunner.runInSequence(MethodRunner.java:46)
at org.testng.internal.TestInvoker$MethodInvocationAgent.invoke(TestInvoker.java:824)
at org.testng.internal.TestInvoker.invokeTestMethods(TestInvoker.java:146)
at org.testng.internal.TestMethodWorker.invokeTestMethods(TestMethodWorker.java:146)
at org.testng.internal.TestMethodWorker.run(TestMethodWorker.java:128)
at java.base/java.util.ArrayList.forEach(ArrayList.java:1597)
at org.testng.TestRunner.privateRun(TestRunner.java:794)
at org.testng.TestRunner.run(TestRunner.java:596)
at org.testng.SuiteRunner.runTest(SuiteRunner.java:377)
at org.testng.SuiteRunner.runSequentially(SuiteRunner.java:371)
at org.testng.SuiteRunner.privateRun(SuiteRunner.java:332)
at org.testng.SuiteRunner.run(SuiteRunner.java:276)
at org.testng.SuiteRunnerWorker.runSuite(SuiteRunnerWorker.java:53)
at org.testng.SuiteRunnerWorker.run(SuiteRunnerWorker.java:96)
at org.testng.TestNG.runSuitesSequentially(TestNG.java:1212)
at org.testng.TestNG.runSuitesLocally(TestNG.java:1134)
at org.testng.TestNG.runSuites(TestNG.java:1063)
at org.testng.TestNG.run(TestNG.java:1031)
at org.testng.remote.AbstractRemoteTestNG.run(AbstractRemoteTestNG.java:115)
at org.testng.remote.RemoteTestNG.initAndRun(RemoteTestNG.java:293)
at org.testng.remote.RemoteTestNG.main(RemoteTestNG.java:91)
Caused by: org.openqa.selenium.NoSuchElementException: no such element: Unable to locate element: {"method":"xpath","selector":"//a[text()='Add User']"}
  (Session info: chrome=132.0.6834.111)
For documentation on this error, please visit: https://www.selenium.dev/documentation/webdriver/troubleshooting/errors#no-such-element-exception
Build info: version: '4.13.0', revision: 'ba948ece5b*'
System info: os.name: 'Windows 10', os.arch: 'amd64', os.version: '10.0', java.version: '23.0.1'
Driver info: org.openqa.selenium.chrome.ChromeDriver
Command: [be34792b204e83d0d9709f57c6549a23, findElement {using=xpath, value=//a[text()='Add User']}]
Capabilities {acceptInsecureCerts: false, browserName: chrome, browserVersion: 132.0.6834.111, chrome: {chromedriverVersion: 132.0.6834.159 (2d77d3fc445..., userDataDir: C:\Users\AJITH~1.KRI\AppDat...}, fedcm:accounts: true, goog:chromeOptions: {debuggerAddress: localhost:50152}, networkConnectionEnabled: false, pageLoadStrategy: normal, platformName: windows, proxy: Proxy(), se:cdp: ws://localhost:50152/devtoo..., se:cdpVersion: 132.0.6834.111, setWindowRect: true, strictFileInteractability: false, timeouts: {implicit: 0, pageLoad: 300000, script: 30000}, unhandledPromptBehavior: dismiss and notify, webauthn:extension:credBlob: true, webauthn:extension:largeBlob: true, webauthn:extension:minPinLength: true, webauthn:extension:prf: true, webauthn:virtualAuthenticators: true}
Session ID: be34792b204e83d0d9709f57c6549a23
at java.base/jdk.internal.reflect.DirectConstructorHandleAccessor.newInstance(DirectConstructorHandleAccessor.java:62)
at java.base/java.lang.reflect.Constructor.newInstanceWithCaller(Constructor.java:501)
at java.base/java.lang.reflect.Constructor.newInstance(Constructor.java:485)
at org.openqa.selenium.remote.codec.w3c.W3CHttpResponseCodec.createException(W3CHttpResponseCodec.java:200)
at org.openqa.selenium.remote.codec.w3c.W3CHttpResponseCodec.decode(W3CHttpResponseCodec.java:133)
at org.openqa.selenium.remote.codec.w3c.W3CHttpResponseCodec.decode(W3CHttpResponseCodec.java:52)
at org.openqa.selenium.remote.HttpCommandExecutor.execute(HttpCommandExecutor.java:191)
at org.openqa.selenium.remote.service.DriverCommandExecutor.invokeExecute(DriverCommandExecutor.java:196)
at org.openqa.selenium.remote.service.DriverCommandExecutor.execute(DriverCommandExecutor.java:171)
at org.openqa.selenium.remote.RemoteWebDriver.execute(RemoteWebDriver.java:602)
at org.openqa.selenium.remote.ElementLocation$ElementFinder$2.findElement(ElementLocation.java:165)
at org.openqa.selenium.remote.ElementLocation.findElement(ElementLocation.java:59)
at org.openqa.selenium.remote.RemoteWebDriver.findElement(RemoteWebDriver.java:359)
at org.openqa.selenium.remote.RemoteWebDriver.findElement(RemoteWebDriver.java:353)
at org.openqa.selenium.support.ui.ExpectedConditions$6.apply(ExpectedConditions.java:171)
at org.openqa.selenium.support.ui.ExpectedConditions$6.apply(ExpectedConditions.java:168)
at org.openqa.selenium.support.ui.FluentWait.until(FluentWait.java:205)
... 29 more
]]>
            </full-stacktrace>
          </exception> <!-- org.openqa.selenium.TimeoutException -->
          <reporter-output>
          </reporter-output>
        </test-method> <!-- Validate_User_Management_Page_Elements -->
        <test-method is-config="true" signature="ExtentTestManagerStartTest(java.lang.reflect.Method)[pri:0, instance:Core.SecurityManagement.CallCentre_UserManagement@291caca8]" started-at="2025-01-29T11:55:18 IST" name="ExtentTestManagerStartTest" finished-at="2025-01-29T11:55:18 IST" duration-ms="0" status="PASS">
          <params>
            <param index="0">
              <value>
                <![CDATA[public void Core.SecurityManagement.CallCentre_UserManagement.Validate_User_Management_Page_Elements() throws java.lang.Throwable]]>
              </value>
            </param>
          </params>
          <reporter-output>
          </reporter-output>
        </test-method> <!-- ExtentTestManagerStartTest -->
        <test-method is-config="true" signature="ExtentTestManagerStartTest(java.lang.reflect.Method)[pri:0, instance:Core.SecurityManagement.CallCentre_UserManagement@291caca8]" started-at="2025-01-29T11:56:19 IST" name="ExtentTestManagerStartTest" finished-at="2025-01-29T11:56:19 IST" duration-ms="0" status="PASS">
          <params>
            <param index="0">
              <value>
                <![CDATA[public void Core.SecurityManagement.CallCentre_UserManagement.Access_Add_New_User_Page() throws java.lang.Throwable]]>
              </value>
            </param>
          </params>
          <reporter-output>
          </reporter-output>
        </test-method> <!-- ExtentTestManagerStartTest -->
        <test-method signature="Access_Add_New_User_Page()[pri:4, instance:Core.SecurityManagement.CallCentre_UserManagement@291caca8]" started-at="2025-01-29T11:56:19 IST" name="Access_Add_New_User_Page" finished-at="2025-01-29T11:56:30 IST" duration-ms="10886" status="PASS">
          <reporter-output>
          </reporter-output>
        </test-method> <!-- Access_Add_New_User_Page -->
        <test-method is-config="true" signature="ExtentTestManagerStartTest(java.lang.reflect.Method)[pri:0, instance:Core.SecurityManagement.CallCentre_UserManagement@291caca8]" started-at="2025-01-29T11:56:30 IST" name="ExtentTestManagerStartTest" finished-at="2025-01-29T11:56:30 IST" duration-ms="0" status="PASS">
          <params>
            <param index="0">
              <value>
                <![CDATA[public void Core.SecurityManagement.CallCentre_UserManagement.Add_User_Page_Empty_Save_Attempt() throws java.lang.Throwable]]>
              </value>
            </param>
          </params>
          <reporter-output>
          </reporter-output>
        </test-method> <!-- ExtentTestManagerStartTest -->
        <test-method signature="Add_User_Page_Empty_Save_Attempt()[pri:5, instance:Core.SecurityManagement.CallCentre_UserManagement@291caca8]" started-at="2025-01-29T11:56:30 IST" name="Add_User_Page_Empty_Save_Attempt" finished-at="2025-01-29T11:57:10 IST" duration-ms="40267" status="FAIL">
          <exception class="org.openqa.selenium.TimeoutException">
            <message>
              <![CDATA[Expected condition failed: waiting for element to be clickable: By.xpath: //a[text()='Add User'] (tried for 30 second(s) with 500 milliseconds interval)
Build info: version: '4.13.0', revision: 'ba948ece5b*'
System info: os.name: 'Windows 10', os.arch: 'amd64', os.version: '10.0', java.version: '23.0.1'
Driver info: org.openqa.selenium.chrome.ChromeDriver
Capabilities {acceptInsecureCerts: false, browserName: chrome, browserVersion: 132.0.6834.111, chrome: {chromedriverVersion: 132.0.6834.159 (2d77d3fc445..., userDataDir: C:\Users\AJITH~1.KRI\AppDat...}, fedcm:accounts: true, goog:chromeOptions: {debuggerAddress: localhost:50152}, networkConnectionEnabled: false, pageLoadStrategy: normal, platformName: windows, proxy: Proxy(), se:cdp: ws://localhost:50152/devtoo..., se:cdpVersion: 132.0.6834.111, setWindowRect: true, strictFileInteractability: false, timeouts: {implicit: 0, pageLoad: 300000, script: 30000}, unhandledPromptBehavior: dismiss and notify, webauthn:extension:credBlob: true, webauthn:extension:largeBlob: true, webauthn:extension:minPinLength: true, webauthn:extension:prf: true, webauthn:virtualAuthenticators: true}
Session ID: be34792b204e83d0d9709f57c6549a23]]>
            </message>
            <full-stacktrace>
              <![CDATA[org.openqa.selenium.TimeoutException: Expected condition failed: waiting for element to be clickable: By.xpath: //a[text()='Add User'] (tried for 30 second(s) with 500 milliseconds interval)
Build info: version: '4.13.0', revision: 'ba948ece5b*'
System info: os.name: 'Windows 10', os.arch: 'amd64', os.version: '10.0', java.version: '23.0.1'
Driver info: org.openqa.selenium.chrome.ChromeDriver
Capabilities {acceptInsecureCerts: false, browserName: chrome, browserVersion: 132.0.6834.111, chrome: {chromedriverVersion: 132.0.6834.159 (2d77d3fc445..., userDataDir: C:\Users\AJITH~1.KRI\AppDat...}, fedcm:accounts: true, goog:chromeOptions: {debuggerAddress: localhost:50152}, networkConnectionEnabled: false, pageLoadStrategy: normal, platformName: windows, proxy: Proxy(), se:cdp: ws://localhost:50152/devtoo..., se:cdpVersion: 132.0.6834.111, setWindowRect: true, strictFileInteractability: false, timeouts: {implicit: 0, pageLoad: 300000, script: 30000}, unhandledPromptBehavior: dismiss and notify, webauthn:extension:credBlob: true, webauthn:extension:largeBlob: true, webauthn:extension:minPinLength: true, webauthn:extension:prf: true, webauthn:virtualAuthenticators: true}
Session ID: be34792b204e83d0d9709f57c6549a23
at org.openqa.selenium.support.ui.WebDriverWait.timeoutException(WebDriverWait.java:84)
at org.openqa.selenium.support.ui.FluentWait.until(FluentWait.java:230)
at com.BasePackage.Base_Class.click(Base_Class.java:113)
at Core.SecurityManagement.UserManagement_Page.ClickUserManagementPageAddUserBtn(UserManagement_Page.java:184)
at Core.SecurityManagement.CallCentre_UserManagement.Add_User_Page_Empty_Save_Attempt(CallCentre_UserManagement.java:182)
at java.base/jdk.internal.reflect.DirectMethodHandleAccessor.invoke(DirectMethodHandleAccessor.java:103)
at java.base/java.lang.reflect.Method.invoke(Method.java:580)
at org.testng.internal.MethodInvocationHelper.invokeMethod(MethodInvocationHelper.java:133)
at org.testng.internal.TestInvoker.invokeMethod(TestInvoker.java:598)
at org.testng.internal.TestInvoker.invokeTestMethod(TestInvoker.java:173)
at org.testng.internal.MethodRunner.runInSequence(MethodRunner.java:46)
at org.testng.internal.TestInvoker$MethodInvocationAgent.invoke(TestInvoker.java:824)
at org.testng.internal.TestInvoker.invokeTestMethods(TestInvoker.java:146)
at org.testng.internal.TestMethodWorker.invokeTestMethods(TestMethodWorker.java:146)
at org.testng.internal.TestMethodWorker.run(TestMethodWorker.java:128)
at java.base/java.util.ArrayList.forEach(ArrayList.java:1597)
at org.testng.TestRunner.privateRun(TestRunner.java:794)
at org.testng.TestRunner.run(TestRunner.java:596)
at org.testng.SuiteRunner.runTest(SuiteRunner.java:377)
at org.testng.SuiteRunner.runSequentially(SuiteRunner.java:371)
at org.testng.SuiteRunner.privateRun(SuiteRunner.java:332)
at org.testng.SuiteRunner.run(SuiteRunner.java:276)
at org.testng.SuiteRunnerWorker.runSuite(SuiteRunnerWorker.java:53)
at org.testng.SuiteRunnerWorker.run(SuiteRunnerWorker.java:96)
at org.testng.TestNG.runSuitesSequentially(TestNG.java:1212)
at org.testng.TestNG.runSuitesLocally(TestNG.java:1134)
at org.testng.TestNG.runSuites(TestNG.java:1063)
at org.testng.TestNG.run(TestNG.java:1031)
at org.testng.remote.AbstractRemoteTestNG.run(AbstractRemoteTestNG.java:115)
at org.testng.remote.RemoteTestNG.initAndRun(RemoteTestNG.java:293)
at org.testng.remote.RemoteTestNG.main(RemoteTestNG.java:91)
]]>
            </full-stacktrace>
          </exception> <!-- org.openqa.selenium.TimeoutException -->
          <reporter-output>
          </reporter-output>
        </test-method> <!-- Add_User_Page_Empty_Save_Attempt -->
        <test-method signature="Add_new_user_page__Enter_inputs_for_ExecutiveID(java.util.Map,org.testng.ITestContext)[pri:6, instance:Core.SecurityManagement.CallCentre_UserManagement@291caca8]" started-at="2025-01-29T11:57:11 IST" name="Add_new_user_page__Enter_inputs_for_ExecutiveID" data-provider="TestData" finished-at="2025-01-29T11:57:31 IST" duration-ms="20117" status="PASS">
          <params>
            <param index="0">
              <value>
                <![CDATA[{AlphabeticInputName=, AlphaNumericInputName=, Branch=, Email=callceytu@gmail.com, EmailWithoutDomain=, ExecutiveID=5521, HeadOffice=, InvalidEmailId=, InvalidUserName=, Name=Agenthree, NumberEightDigits=, NumberWithLetters=, NumericInputName=, OrganizationType=, OrganizationType2=, OrganizationType3=, OrganizationType4=, Phone=9876756444, PwdOriginal=, Region=, Run=Yes, Testrole=, TestScenario=CallCentre_UserManagment, UNOriginal=, UserManagementPageRole=, UsernameInUNPage=, ZoneCo=}]]>
              </value>
            </param>
            <param index="1">
              <value>
                <![CDATA[org.testng.TestRunner@6074d638]]>
              </value>
            </param>
          </params>
          <reporter-output>
          </reporter-output>
        </test-method> <!-- Add_new_user_page__Enter_inputs_for_ExecutiveID -->
        <test-method is-config="true" signature="ExtentTestManagerStartTest(java.lang.reflect.Method)[pri:0, instance:Core.SecurityManagement.CallCentre_UserManagement@291caca8]" started-at="2025-01-29T11:57:11 IST" name="ExtentTestManagerStartTest" finished-at="2025-01-29T11:57:11 IST" duration-ms="0" status="PASS">
          <params>
            <param index="0">
              <value>
                <![CDATA[public void Core.SecurityManagement.CallCentre_UserManagement.Add_new_user_page__Enter_inputs_for_ExecutiveID(java.util.Map,org.testng.ITestContext) throws java.lang.Throwable]]>
              </value>
            </param>
          </params>
          <reporter-output>
          </reporter-output>
        </test-method> <!-- ExtentTestManagerStartTest -->
        <test-method is-config="true" signature="ExtentTestManagerStartTest(java.lang.reflect.Method)[pri:0, instance:Core.SecurityManagement.CallCentre_UserManagement@291caca8]" started-at="2025-01-29T11:57:31 IST" name="ExtentTestManagerStartTest" finished-at="2025-01-29T11:57:31 IST" duration-ms="1" status="PASS">
          <params>
            <param index="0">
              <value>
                <![CDATA[public void Core.SecurityManagement.CallCentre_UserManagement.Add_new_user_page__Enter_inputs_for_Name(java.util.Map,org.testng.ITestContext) throws java.lang.Throwable]]>
              </value>
            </param>
          </params>
          <reporter-output>
          </reporter-output>
        </test-method> <!-- ExtentTestManagerStartTest -->
        <test-method signature="Add_new_user_page__Enter_inputs_for_Name(java.util.Map,org.testng.ITestContext)[pri:7, instance:Core.SecurityManagement.CallCentre_UserManagement@291caca8]" started-at="2025-01-29T11:57:31 IST" name="Add_new_user_page__Enter_inputs_for_Name" data-provider="TestData" finished-at="2025-01-29T11:57:31 IST" duration-ms="101" status="PASS">
          <params>
            <param index="0">
              <value>
                <![CDATA[{AlphabeticInputName=, AlphaNumericInputName=, Branch=, Email=callceytu@gmail.com, EmailWithoutDomain=, ExecutiveID=5521, HeadOffice=, InvalidEmailId=, InvalidUserName=, Name=Agenthree, NumberEightDigits=, NumberWithLetters=, NumericInputName=, OrganizationType=, OrganizationType2=, OrganizationType3=, OrganizationType4=, Phone=9876756444, PwdOriginal=, Region=, Run=Yes, Testrole=, TestScenario=CallCentre_UserManagment, UNOriginal=, UserManagementPageRole=, UsernameInUNPage=, ZoneCo=}]]>
              </value>
            </param>
            <param index="1">
              <value>
                <![CDATA[org.testng.TestRunner@6074d638]]>
              </value>
            </param>
          </params>
          <reporter-output>
          </reporter-output>
        </test-method> <!-- Add_new_user_page__Enter_inputs_for_Name -->
        <test-method is-config="true" signature="ExtentTestManagerStartTest(java.lang.reflect.Method)[pri:0, instance:Core.SecurityManagement.CallCentre_UserManagement@291caca8]" started-at="2025-01-29T11:57:31 IST" name="ExtentTestManagerStartTest" finished-at="2025-01-29T11:57:31 IST" duration-ms="2" status="PASS">
          <params>
            <param index="0">
              <value>
                <![CDATA[public void Core.SecurityManagement.CallCentre_UserManagement.Add_new_user_page__Enter_inputs_for_Email(java.util.Map,org.testng.ITestContext) throws java.lang.Throwable]]>
              </value>
            </param>
          </params>
          <reporter-output>
          </reporter-output>
        </test-method> <!-- ExtentTestManagerStartTest -->
        <test-method signature="Add_new_user_page__Enter_inputs_for_Email(java.util.Map,org.testng.ITestContext)[pri:8, instance:Core.SecurityManagement.CallCentre_UserManagement@291caca8]" started-at="2025-01-29T11:57:31 IST" name="Add_new_user_page__Enter_inputs_for_Email" data-provider="TestData" finished-at="2025-01-29T11:57:51 IST" duration-ms="20175" status="PASS">
          <params>
            <param index="0">
              <value>
                <![CDATA[{AlphabeticInputName=, AlphaNumericInputName=, Branch=, Email=callceytu@gmail.com, EmailWithoutDomain=, ExecutiveID=5521, HeadOffice=, InvalidEmailId=, InvalidUserName=, Name=Agenthree, NumberEightDigits=, NumberWithLetters=, NumericInputName=, OrganizationType=, OrganizationType2=, OrganizationType3=, OrganizationType4=, Phone=9876756444, PwdOriginal=, Region=, Run=Yes, Testrole=, TestScenario=CallCentre_UserManagment, UNOriginal=, UserManagementPageRole=, UsernameInUNPage=, ZoneCo=}]]>
              </value>
            </param>
            <param index="1">
              <value>
                <![CDATA[org.testng.TestRunner@6074d638]]>
              </value>
            </param>
          </params>
          <reporter-output>
          </reporter-output>
        </test-method> <!-- Add_new_user_page__Enter_inputs_for_Email -->
        <test-method is-config="true" signature="ExtentTestManagerStartTest(java.lang.reflect.Method)[pri:0, instance:Core.SecurityManagement.CallCentre_UserManagement@291caca8]" started-at="2025-01-29T11:57:51 IST" name="ExtentTestManagerStartTest" finished-at="2025-01-29T11:57:51 IST" duration-ms="1" status="PASS">
          <params>
            <param index="0">
              <value>
                <![CDATA[public void Core.SecurityManagement.CallCentre_UserManagement.Add_new_user_page__Enter_inputs_for_PhoneNumber(java.util.Map,org.testng.ITestContext) throws java.lang.Throwable]]>
              </value>
            </param>
          </params>
          <reporter-output>
          </reporter-output>
        </test-method> <!-- ExtentTestManagerStartTest -->
        <test-method signature="Add_new_user_page__Enter_inputs_for_PhoneNumber(java.util.Map,org.testng.ITestContext)[pri:9, instance:Core.SecurityManagement.CallCentre_UserManagement@291caca8]" started-at="2025-01-29T11:57:51 IST" name="Add_new_user_page__Enter_inputs_for_PhoneNumber" data-provider="TestData" finished-at="2025-01-29T11:58:11 IST" duration-ms="20134" status="PASS">
          <params>
            <param index="0">
              <value>
                <![CDATA[{AlphabeticInputName=, AlphaNumericInputName=, Branch=, Email=callceytu@gmail.com, EmailWithoutDomain=, ExecutiveID=5521, HeadOffice=, InvalidEmailId=, InvalidUserName=, Name=Agenthree, NumberEightDigits=, NumberWithLetters=, NumericInputName=, OrganizationType=, OrganizationType2=, OrganizationType3=, OrganizationType4=, Phone=9876756444, PwdOriginal=, Region=, Run=Yes, Testrole=, TestScenario=CallCentre_UserManagment, UNOriginal=, UserManagementPageRole=, UsernameInUNPage=, ZoneCo=}]]>
              </value>
            </param>
            <param index="1">
              <value>
                <![CDATA[org.testng.TestRunner@6074d638]]>
              </value>
            </param>
          </params>
          <reporter-output>
          </reporter-output>
        </test-method> <!-- Add_new_user_page__Enter_inputs_for_PhoneNumber -->
        <test-method is-config="true" signature="ExtentTestManagerStartTest(java.lang.reflect.Method)[pri:0, instance:Core.SecurityManagement.CallCentre_UserManagement@291caca8]" started-at="2025-01-29T11:58:12 IST" name="ExtentTestManagerStartTest" finished-at="2025-01-29T11:58:12 IST" duration-ms="0" status="PASS">
          <params>
            <param index="0">
              <value>
                <![CDATA[public void Core.SecurityManagement.CallCentre_UserManagement.Add_new_user_page__Enter_inputs_for_RoleType(java.util.Map,org.testng.ITestContext) throws java.lang.Throwable]]>
              </value>
            </param>
          </params>
          <reporter-output>
          </reporter-output>
        </test-method> <!-- ExtentTestManagerStartTest -->
        <test-method signature="Add_new_user_page__Enter_inputs_for_RoleType(java.util.Map,org.testng.ITestContext)[pri:10, instance:Core.SecurityManagement.CallCentre_UserManagement@291caca8]" started-at="2025-01-29T11:58:12 IST" name="Add_new_user_page__Enter_inputs_for_RoleType" data-provider="TestData" finished-at="2025-01-29T11:58:44 IST" duration-ms="32529" status="PASS">
          <params>
            <param index="0">
              <value>
                <![CDATA[{AlphabeticInputName=, AlphaNumericInputName=, Branch=, Email=callceytu@gmail.com, EmailWithoutDomain=, ExecutiveID=5521, HeadOffice=, InvalidEmailId=, InvalidUserName=, Name=Agenthree, NumberEightDigits=, NumberWithLetters=, NumericInputName=, OrganizationType=, OrganizationType2=, OrganizationType3=, OrganizationType4=, Phone=9876756444, PwdOriginal=, Region=, Run=Yes, Testrole=, TestScenario=CallCentre_UserManagment, UNOriginal=, UserManagementPageRole=, UsernameInUNPage=, ZoneCo=}]]>
              </value>
            </param>
            <param index="1">
              <value>
                <![CDATA[org.testng.TestRunner@6074d638]]>
              </value>
            </param>
          </params>
          <reporter-output>
          </reporter-output>
        </test-method> <!-- Add_new_user_page__Enter_inputs_for_RoleType -->
        <test-method is-config="true" signature="ExtentTestManagerStartTest(java.lang.reflect.Method)[pri:0, instance:Core.SecurityManagement.CallCentre_UserManagement@291caca8]" started-at="2025-01-29T11:58:44 IST" name="ExtentTestManagerStartTest" finished-at="2025-01-29T11:58:44 IST" duration-ms="0" status="PASS">
          <params>
            <param index="0">
              <value>
                <![CDATA[public void Core.SecurityManagement.CallCentre_UserManagement.Click_Submit_button_and_Create_New_User() throws java.lang.Throwable]]>
              </value>
            </param>
          </params>
          <reporter-output>
          </reporter-output>
        </test-method> <!-- ExtentTestManagerStartTest -->
        <test-method signature="Click_Submit_button_and_Create_New_User()[pri:11, instance:Core.SecurityManagement.CallCentre_UserManagement@291caca8]" started-at="2025-01-29T11:58:44 IST" name="Click_Submit_button_and_Create_New_User" finished-at="2025-01-29T11:59:16 IST" duration-ms="32066" status="FAIL">
          <exception class="org.openqa.selenium.TimeoutException">
            <message>
              <![CDATA[Expected condition failed: waiting for element to be clickable: By.xpath: //button[text()='Submit'] (tried for 30 second(s) with 500 milliseconds interval)
Build info: version: '4.13.0', revision: 'ba948ece5b*'
System info: os.name: 'Windows 10', os.arch: 'amd64', os.version: '10.0', java.version: '23.0.1'
Driver info: org.openqa.selenium.chrome.ChromeDriver
Capabilities {acceptInsecureCerts: false, browserName: chrome, browserVersion: 132.0.6834.111, chrome: {chromedriverVersion: 132.0.6834.159 (2d77d3fc445..., userDataDir: C:\Users\AJITH~1.KRI\AppDat...}, fedcm:accounts: true, goog:chromeOptions: {debuggerAddress: localhost:50152}, networkConnectionEnabled: false, pageLoadStrategy: normal, platformName: windows, proxy: Proxy(), se:cdp: ws://localhost:50152/devtoo..., se:cdpVersion: 132.0.6834.111, setWindowRect: true, strictFileInteractability: false, timeouts: {implicit: 0, pageLoad: 300000, script: 30000}, unhandledPromptBehavior: dismiss and notify, webauthn:extension:credBlob: true, webauthn:extension:largeBlob: true, webauthn:extension:minPinLength: true, webauthn:extension:prf: true, webauthn:virtualAuthenticators: true}
Session ID: be34792b204e83d0d9709f57c6549a23]]>
            </message>
            <full-stacktrace>
              <![CDATA[org.openqa.selenium.TimeoutException: Expected condition failed: waiting for element to be clickable: By.xpath: //button[text()='Submit'] (tried for 30 second(s) with 500 milliseconds interval)
Build info: version: '4.13.0', revision: 'ba948ece5b*'
System info: os.name: 'Windows 10', os.arch: 'amd64', os.version: '10.0', java.version: '23.0.1'
Driver info: org.openqa.selenium.chrome.ChromeDriver
Capabilities {acceptInsecureCerts: false, browserName: chrome, browserVersion: 132.0.6834.111, chrome: {chromedriverVersion: 132.0.6834.159 (2d77d3fc445..., userDataDir: C:\Users\AJITH~1.KRI\AppDat...}, fedcm:accounts: true, goog:chromeOptions: {debuggerAddress: localhost:50152}, networkConnectionEnabled: false, pageLoadStrategy: normal, platformName: windows, proxy: Proxy(), se:cdp: ws://localhost:50152/devtoo..., se:cdpVersion: 132.0.6834.111, setWindowRect: true, strictFileInteractability: false, timeouts: {implicit: 0, pageLoad: 300000, script: 30000}, unhandledPromptBehavior: dismiss and notify, webauthn:extension:credBlob: true, webauthn:extension:largeBlob: true, webauthn:extension:minPinLength: true, webauthn:extension:prf: true, webauthn:virtualAuthenticators: true}
Session ID: be34792b204e83d0d9709f57c6549a23
at org.openqa.selenium.support.ui.WebDriverWait.timeoutException(WebDriverWait.java:84)
at org.openqa.selenium.support.ui.FluentWait.until(FluentWait.java:230)
at com.BasePackage.Base_Class.click(Base_Class.java:113)
at Core.SecurityManagement.UserManagement_Page.ClickAddNewUserSubmitBtn(UserManagement_Page.java:393)
at Core.SecurityManagement.CallCentre_UserManagement.Click_Submit_button_and_Create_New_User(CallCentre_UserManagement.java:281)
at java.base/jdk.internal.reflect.DirectMethodHandleAccessor.invoke(DirectMethodHandleAccessor.java:103)
at java.base/java.lang.reflect.Method.invoke(Method.java:580)
at org.testng.internal.MethodInvocationHelper.invokeMethod(MethodInvocationHelper.java:133)
at org.testng.internal.TestInvoker.invokeMethod(TestInvoker.java:598)
at org.testng.internal.TestInvoker.invokeTestMethod(TestInvoker.java:173)
at org.testng.internal.MethodRunner.runInSequence(MethodRunner.java:46)
at org.testng.internal.TestInvoker$MethodInvocationAgent.invoke(TestInvoker.java:824)
at org.testng.internal.TestInvoker.invokeTestMethods(TestInvoker.java:146)
at org.testng.internal.TestMethodWorker.invokeTestMethods(TestMethodWorker.java:146)
at org.testng.internal.TestMethodWorker.run(TestMethodWorker.java:128)
at java.base/java.util.ArrayList.forEach(ArrayList.java:1597)
at org.testng.TestRunner.privateRun(TestRunner.java:794)
at org.testng.TestRunner.run(TestRunner.java:596)
at org.testng.SuiteRunner.runTest(SuiteRunner.java:377)
at org.testng.SuiteRunner.runSequentially(SuiteRunner.java:371)
at org.testng.SuiteRunner.privateRun(SuiteRunner.java:332)
at org.testng.SuiteRunner.run(SuiteRunner.java:276)
at org.testng.SuiteRunnerWorker.runSuite(SuiteRunnerWorker.java:53)
at org.testng.SuiteRunnerWorker.run(SuiteRunnerWorker.java:96)
at org.testng.TestNG.runSuitesSequentially(TestNG.java:1212)
at org.testng.TestNG.runSuitesLocally(TestNG.java:1134)
at org.testng.TestNG.runSuites(TestNG.java:1063)
at org.testng.TestNG.run(TestNG.java:1031)
at org.testng.remote.AbstractRemoteTestNG.run(AbstractRemoteTestNG.java:115)
at org.testng.remote.RemoteTestNG.initAndRun(RemoteTestNG.java:293)
at org.testng.remote.RemoteTestNG.main(RemoteTestNG.java:91)
]]>
            </full-stacktrace>
          </exception> <!-- org.openqa.selenium.TimeoutException -->
          <reporter-output>
          </reporter-output>
        </test-method> <!-- Click_Submit_button_and_Create_New_User -->
      </class> <!-- Core.SecurityManagement.CallCentre_UserManagement -->
    </test> <!-- Default test -->
  </suite> <!-- Default suite -->
</testng-results>
