<?xml version="1.0" encoding="UTF-8"?>
<testng-results ignored="0" total="11" passed="11" failed="0" skipped="0">
  <reporter-output>
  </reporter-output>
  <suite started-at="2025-01-28T12:19:10 IST" name="Default suite" finished-at="2025-01-28T12:21:08 IST" duration-ms="118145">
    <groups>
    </groups>
    <test started-at="2025-01-28T12:19:10 IST" name="Default test" finished-at="2025-01-28T12:21:08 IST" duration-ms="118145">
      <class name="Core.SecurityManagement.CallCentre_UserManagement">
        <test-method is-config="true" signature="reference()[pri:0, instance:Core.SecurityManagement.CallCentre_UserManagement@5b94b04d]" started-at="2025-01-28T12:18:00 IST" name="reference" finished-at="2025-01-28T12:19:10 IST" duration-ms="70444" status="PASS">
          <reporter-output>
          </reporter-output>
        </test-method> <!-- reference -->
        <test-method is-config="true" signature="ExtentTestManagerStartTest(java.lang.reflect.Method)[pri:0, instance:Core.SecurityManagement.CallCentre_UserManagement@5b94b04d]" started-at="2025-01-28T12:19:10 IST" name="ExtentTestManagerStartTest" finished-at="2025-01-28T12:19:10 IST" duration-ms="242" status="PASS">
          <params>
            <param index="0">
              <value>
                <![CDATA[public void Core.SecurityManagement.CallCentre_UserManagement.Login_to_Beacon_FCM() throws java.lang.Throwable]]>
              </value>
            </param>
          </params>
          <reporter-output>
          </reporter-output>
        </test-method> <!-- ExtentTestManagerStartTest -->
        <test-method signature="Login_to_Beacon_FCM()[pri:1, instance:Core.SecurityManagement.CallCentre_UserManagement@5b94b04d]" started-at="2025-01-28T12:19:10 IST" name="Login_to_Beacon_FCM" finished-at="2025-01-28T12:19:10 IST" duration-ms="10" status="PASS">
          <reporter-output>
          </reporter-output>
        </test-method> <!-- Login_to_Beacon_FCM -->
        <test-method is-config="true" signature="ExtentTestManagerStartTest(java.lang.reflect.Method)[pri:0, instance:Core.SecurityManagement.CallCentre_UserManagement@5b94b04d]" started-at="2025-01-28T12:19:10 IST" name="ExtentTestManagerStartTest" finished-at="2025-01-28T12:19:10 IST" duration-ms="1" status="PASS">
          <params>
            <param index="0">
              <value>
                <![CDATA[public void Core.SecurityManagement.CallCentre_UserManagement.Access_User_Management_Page() throws java.lang.Throwable]]>
              </value>
            </param>
          </params>
          <reporter-output>
          </reporter-output>
        </test-method> <!-- ExtentTestManagerStartTest -->
        <test-method signature="Access_User_Management_Page()[pri:2, instance:Core.SecurityManagement.CallCentre_UserManagement@5b94b04d]" started-at="2025-01-28T12:19:10 IST" name="Access_User_Management_Page" finished-at="2025-01-28T12:19:20 IST" duration-ms="9465" status="PASS">
          <reporter-output>
          </reporter-output>
        </test-method> <!-- Access_User_Management_Page -->
        <test-method is-config="true" signature="ExtentTestManagerStartTest(java.lang.reflect.Method)[pri:0, instance:Core.SecurityManagement.CallCentre_UserManagement@5b94b04d]" started-at="2025-01-28T12:19:20 IST" name="ExtentTestManagerStartTest" finished-at="2025-01-28T12:19:20 IST" duration-ms="0" status="PASS">
          <params>
            <param index="0">
              <value>
                <![CDATA[public void Core.SecurityManagement.CallCentre_UserManagement.Validate_User_Management_Page_Elements() throws java.lang.Throwable]]>
              </value>
            </param>
          </params>
          <reporter-output>
          </reporter-output>
        </test-method> <!-- ExtentTestManagerStartTest -->
        <test-method signature="Validate_User_Management_Page_Elements()[pri:3, instance:Core.SecurityManagement.CallCentre_UserManagement@5b94b04d]" started-at="2025-01-28T12:19:20 IST" name="Validate_User_Management_Page_Elements" finished-at="2025-01-28T12:19:48 IST" duration-ms="28398" status="PASS">
          <reporter-output>
          </reporter-output>
        </test-method> <!-- Validate_User_Management_Page_Elements -->
        <test-method is-config="true" signature="ExtentTestManagerStartTest(java.lang.reflect.Method)[pri:0, instance:Core.SecurityManagement.CallCentre_UserManagement@5b94b04d]" started-at="2025-01-28T12:19:48 IST" name="ExtentTestManagerStartTest" finished-at="2025-01-28T12:19:48 IST" duration-ms="0" status="PASS">
          <params>
            <param index="0">
              <value>
                <![CDATA[public void Core.SecurityManagement.CallCentre_UserManagement.Access_Add_New_User_Page() throws java.lang.Throwable]]>
              </value>
            </param>
          </params>
          <reporter-output>
          </reporter-output>
        </test-method> <!-- ExtentTestManagerStartTest -->
        <test-method signature="Access_Add_New_User_Page()[pri:4, instance:Core.SecurityManagement.CallCentre_UserManagement@5b94b04d]" started-at="2025-01-28T12:19:48 IST" name="Access_Add_New_User_Page" finished-at="2025-01-28T12:19:56 IST" duration-ms="7354" status="PASS">
          <reporter-output>
          </reporter-output>
        </test-method> <!-- Access_Add_New_User_Page -->
        <test-method is-config="true" signature="ExtentTestManagerStartTest(java.lang.reflect.Method)[pri:0, instance:Core.SecurityManagement.CallCentre_UserManagement@5b94b04d]" started-at="2025-01-28T12:19:56 IST" name="ExtentTestManagerStartTest" finished-at="2025-01-28T12:19:56 IST" duration-ms="1" status="PASS">
          <params>
            <param index="0">
              <value>
                <![CDATA[public void Core.SecurityManagement.CallCentre_UserManagement.Add_User_Page_Empty_Save_Attempt() throws java.lang.Throwable]]>
              </value>
            </param>
          </params>
          <reporter-output>
          </reporter-output>
        </test-method> <!-- ExtentTestManagerStartTest -->
        <test-method signature="Add_User_Page_Empty_Save_Attempt()[pri:5, instance:Core.SecurityManagement.CallCentre_UserManagement@5b94b04d]" started-at="2025-01-28T12:19:56 IST" name="Add_User_Page_Empty_Save_Attempt" finished-at="2025-01-28T12:20:30 IST" duration-ms="33915" status="PASS">
          <reporter-output>
          </reporter-output>
        </test-method> <!-- Add_User_Page_Empty_Save_Attempt -->
        <test-method is-config="true" signature="ExtentTestManagerStartTest(java.lang.reflect.Method)[pri:0, instance:Core.SecurityManagement.CallCentre_UserManagement@5b94b04d]" started-at="2025-01-28T12:20:32 IST" name="ExtentTestManagerStartTest" finished-at="2025-01-28T12:20:32 IST" duration-ms="0" status="PASS">
          <params>
            <param index="0">
              <value>
                <![CDATA[public void Core.SecurityManagement.CallCentre_UserManagement.Add_new_user_page__Enter_inputs_for_ExecutiveID(java.util.Map,org.testng.ITestContext) throws java.lang.Throwable]]>
              </value>
            </param>
          </params>
          <reporter-output>
          </reporter-output>
        </test-method> <!-- ExtentTestManagerStartTest -->
        <test-method signature="Add_new_user_page__Enter_inputs_for_ExecutiveID(java.util.Map,org.testng.ITestContext)[pri:6, instance:Core.SecurityManagement.CallCentre_UserManagement@5b94b04d]" started-at="2025-01-28T12:20:32 IST" name="Add_new_user_page__Enter_inputs_for_ExecutiveID" data-provider="TestData" finished-at="2025-01-28T12:20:57 IST" duration-ms="25455" status="PASS">
          <params>
            <param index="0">
              <value>
                <![CDATA[{AlphabeticInputName=, AlphaNumericInputName=, Branch=, Email=callcentreyou@gmail.com, EmailWithoutDomain=, ExecutiveID=8080, HeadOffice=, InvalidEmailId=, InvalidUserName=, Name=callcentreyou, NumberEightDigits=, NumberWithLetters=, NumericInputName=, OrganizationType=, OrganizationType2=, OrganizationType3=, OrganizationType4=, Phone=9876756456, PwdOriginal=, Region=, Run=Yes, Testrole=, TestScenario=CallCentre_UserManagment, UNOriginal=, UserManagementPageRole=, UsernameInUNPage=, ZoneCo=}]]>
              </value>
            </param>
            <param index="1">
              <value>
                <![CDATA[org.testng.TestRunner@6f25ed2b]]>
              </value>
            </param>
          </params>
          <reporter-output>
          </reporter-output>
        </test-method> <!-- Add_new_user_page__Enter_inputs_for_ExecutiveID -->
        <test-method is-config="true" signature="ExtentTestManagerStartTest(java.lang.reflect.Method)[pri:0, instance:Core.SecurityManagement.CallCentre_UserManagement@5b94b04d]" started-at="2025-01-28T12:20:57 IST" name="ExtentTestManagerStartTest" finished-at="2025-01-28T12:20:57 IST" duration-ms="0" status="PASS">
          <params>
            <param index="0">
              <value>
                <![CDATA[public void Core.SecurityManagement.CallCentre_UserManagement.Add_new_user_page__Enter_inputs_for_Name(java.util.Map,org.testng.ITestContext) throws java.lang.Throwable]]>
              </value>
            </param>
          </params>
          <reporter-output>
          </reporter-output>
        </test-method> <!-- ExtentTestManagerStartTest -->
        <test-method signature="Add_new_user_page__Enter_inputs_for_Name(java.util.Map,org.testng.ITestContext)[pri:7, instance:Core.SecurityManagement.CallCentre_UserManagement@5b94b04d]" started-at="2025-01-28T12:20:57 IST" name="Add_new_user_page__Enter_inputs_for_Name" data-provider="TestData" finished-at="2025-01-28T12:20:57 IST" duration-ms="110" status="PASS">
          <params>
            <param index="0">
              <value>
                <![CDATA[{AlphabeticInputName=, AlphaNumericInputName=, Branch=, Email=callcentreyou@gmail.com, EmailWithoutDomain=, ExecutiveID=8080, HeadOffice=, InvalidEmailId=, InvalidUserName=, Name=callcentreyou, NumberEightDigits=, NumberWithLetters=, NumericInputName=, OrganizationType=, OrganizationType2=, OrganizationType3=, OrganizationType4=, Phone=9876756456, PwdOriginal=, Region=, Run=Yes, Testrole=, TestScenario=CallCentre_UserManagment, UNOriginal=, UserManagementPageRole=, UsernameInUNPage=, ZoneCo=}]]>
              </value>
            </param>
            <param index="1">
              <value>
                <![CDATA[org.testng.TestRunner@6f25ed2b]]>
              </value>
            </param>
          </params>
          <reporter-output>
          </reporter-output>
        </test-method> <!-- Add_new_user_page__Enter_inputs_for_Name -->
        <test-method is-config="true" signature="ExtentTestManagerStartTest(java.lang.reflect.Method)[pri:0, instance:Core.SecurityManagement.CallCentre_UserManagement@5b94b04d]" started-at="2025-01-28T12:20:57 IST" name="ExtentTestManagerStartTest" finished-at="2025-01-28T12:20:57 IST" duration-ms="1" status="PASS">
          <params>
            <param index="0">
              <value>
                <![CDATA[public void Core.SecurityManagement.CallCentre_UserManagement.Add_new_user_page__Enter_inputs_for_Email(java.util.Map,org.testng.ITestContext) throws java.lang.Throwable]]>
              </value>
            </param>
          </params>
          <reporter-output>
          </reporter-output>
        </test-method> <!-- ExtentTestManagerStartTest -->
        <test-method signature="Add_new_user_page__Enter_inputs_for_Email(java.util.Map,org.testng.ITestContext)[pri:8, instance:Core.SecurityManagement.CallCentre_UserManagement@5b94b04d]" started-at="2025-01-28T12:20:57 IST" name="Add_new_user_page__Enter_inputs_for_Email" data-provider="TestData" finished-at="2025-01-28T12:20:58 IST" duration-ms="128" status="PASS">
          <params>
            <param index="0">
              <value>
                <![CDATA[{AlphabeticInputName=, AlphaNumericInputName=, Branch=, Email=callcentreyou@gmail.com, EmailWithoutDomain=, ExecutiveID=8080, HeadOffice=, InvalidEmailId=, InvalidUserName=, Name=callcentreyou, NumberEightDigits=, NumberWithLetters=, NumericInputName=, OrganizationType=, OrganizationType2=, OrganizationType3=, OrganizationType4=, Phone=9876756456, PwdOriginal=, Region=, Run=Yes, Testrole=, TestScenario=CallCentre_UserManagment, UNOriginal=, UserManagementPageRole=, UsernameInUNPage=, ZoneCo=}]]>
              </value>
            </param>
            <param index="1">
              <value>
                <![CDATA[org.testng.TestRunner@6f25ed2b]]>
              </value>
            </param>
          </params>
          <reporter-output>
          </reporter-output>
        </test-method> <!-- Add_new_user_page__Enter_inputs_for_Email -->
        <test-method is-config="true" signature="ExtentTestManagerStartTest(java.lang.reflect.Method)[pri:0, instance:Core.SecurityManagement.CallCentre_UserManagement@5b94b04d]" started-at="2025-01-28T12:20:58 IST" name="ExtentTestManagerStartTest" finished-at="2025-01-28T12:20:58 IST" duration-ms="1" status="PASS">
          <params>
            <param index="0">
              <value>
                <![CDATA[public void Core.SecurityManagement.CallCentre_UserManagement.Add_new_user_page__Enter_inputs_for_PhoneNumber(java.util.Map,org.testng.ITestContext) throws java.lang.Throwable]]>
              </value>
            </param>
          </params>
          <reporter-output>
          </reporter-output>
        </test-method> <!-- ExtentTestManagerStartTest -->
        <test-method signature="Add_new_user_page__Enter_inputs_for_PhoneNumber(java.util.Map,org.testng.ITestContext)[pri:9, instance:Core.SecurityManagement.CallCentre_UserManagement@5b94b04d]" started-at="2025-01-28T12:20:58 IST" name="Add_new_user_page__Enter_inputs_for_PhoneNumber" data-provider="TestData" finished-at="2025-01-28T12:20:58 IST" duration-ms="133" status="PASS">
          <params>
            <param index="0">
              <value>
                <![CDATA[{AlphabeticInputName=, AlphaNumericInputName=, Branch=, Email=callcentreyou@gmail.com, EmailWithoutDomain=, ExecutiveID=8080, HeadOffice=, InvalidEmailId=, InvalidUserName=, Name=callcentreyou, NumberEightDigits=, NumberWithLetters=, NumericInputName=, OrganizationType=, OrganizationType2=, OrganizationType3=, OrganizationType4=, Phone=9876756456, PwdOriginal=, Region=, Run=Yes, Testrole=, TestScenario=CallCentre_UserManagment, UNOriginal=, UserManagementPageRole=, UsernameInUNPage=, ZoneCo=}]]>
              </value>
            </param>
            <param index="1">
              <value>
                <![CDATA[org.testng.TestRunner@6f25ed2b]]>
              </value>
            </param>
          </params>
          <reporter-output>
          </reporter-output>
        </test-method> <!-- Add_new_user_page__Enter_inputs_for_PhoneNumber -->
        <test-method is-config="true" signature="ExtentTestManagerStartTest(java.lang.reflect.Method)[pri:0, instance:Core.SecurityManagement.CallCentre_UserManagement@5b94b04d]" started-at="2025-01-28T12:20:58 IST" name="ExtentTestManagerStartTest" finished-at="2025-01-28T12:20:58 IST" duration-ms="0" status="PASS">
          <params>
            <param index="0">
              <value>
                <![CDATA[public void Core.SecurityManagement.CallCentre_UserManagement.Add_new_user_page__Enter_inputs_for_RoleType(java.util.Map,org.testng.ITestContext) throws java.lang.Throwable]]>
              </value>
            </param>
          </params>
          <reporter-output>
          </reporter-output>
        </test-method> <!-- ExtentTestManagerStartTest -->
        <test-method signature="Add_new_user_page__Enter_inputs_for_RoleType(java.util.Map,org.testng.ITestContext)[pri:10, instance:Core.SecurityManagement.CallCentre_UserManagement@5b94b04d]" started-at="2025-01-28T12:20:58 IST" name="Add_new_user_page__Enter_inputs_for_RoleType" data-provider="TestData" finished-at="2025-01-28T12:21:03 IST" duration-ms="4981" status="PASS">
          <params>
            <param index="0">
              <value>
                <![CDATA[{AlphabeticInputName=, AlphaNumericInputName=, Branch=, Email=callcentreyou@gmail.com, EmailWithoutDomain=, ExecutiveID=8080, HeadOffice=, InvalidEmailId=, InvalidUserName=, Name=callcentreyou, NumberEightDigits=, NumberWithLetters=, NumericInputName=, OrganizationType=, OrganizationType2=, OrganizationType3=, OrganizationType4=, Phone=9876756456, PwdOriginal=, Region=, Run=Yes, Testrole=, TestScenario=CallCentre_UserManagment, UNOriginal=, UserManagementPageRole=, UsernameInUNPage=, ZoneCo=}]]>
              </value>
            </param>
            <param index="1">
              <value>
                <![CDATA[org.testng.TestRunner@6f25ed2b]]>
              </value>
            </param>
          </params>
          <reporter-output>
          </reporter-output>
        </test-method> <!-- Add_new_user_page__Enter_inputs_for_RoleType -->
        <test-method is-config="true" signature="ExtentTestManagerStartTest(java.lang.reflect.Method)[pri:0, instance:Core.SecurityManagement.CallCentre_UserManagement@5b94b04d]" started-at="2025-01-28T12:21:03 IST" name="ExtentTestManagerStartTest" finished-at="2025-01-28T12:21:03 IST" duration-ms="1" status="PASS">
          <params>
            <param index="0">
              <value>
                <![CDATA[public void Core.SecurityManagement.CallCentre_UserManagement.Click_Submit_button_and_Create_New_User() throws java.lang.Throwable]]>
              </value>
            </param>
          </params>
          <reporter-output>
          </reporter-output>
        </test-method> <!-- ExtentTestManagerStartTest -->
        <test-method signature="Click_Submit_button_and_Create_New_User()[pri:11, instance:Core.SecurityManagement.CallCentre_UserManagement@5b94b04d]" started-at="2025-01-28T12:21:03 IST" name="Click_Submit_button_and_Create_New_User" finished-at="2025-01-28T12:21:07 IST" duration-ms="4219" status="PASS">
          <reporter-output>
          </reporter-output>
        </test-method> <!-- Click_Submit_button_and_Create_New_User -->
        <test-method is-config="true" signature="AfterClass()[pri:0, instance:Core.SecurityManagement.CallCentre_UserManagement@5b94b04d]" started-at="2025-01-28T12:21:07 IST" name="AfterClass" finished-at="2025-01-28T12:21:08 IST" duration-ms="1212" status="PASS">
          <reporter-output>
          </reporter-output>
        </test-method> <!-- AfterClass -->
      </class> <!-- Core.SecurityManagement.CallCentre_UserManagement -->
    </test> <!-- Default test -->
  </suite> <!-- Default suite -->
</testng-results>
