<?xml version="1.0" encoding="UTF-8"?>
<testng-results ignored="0" total="2" passed="2" failed="0" skipped="0">
  <reporter-output>
  </reporter-output>
  <suite started-at="2025-05-15T11:14:34 IST" name="Default suite" finished-at="2025-05-15T11:14:50 IST" duration-ms="15705">
    <groups>
    </groups>
    <test started-at="2025-05-15T11:14:34 IST" name="Default test" finished-at="2025-05-15T11:14:50 IST" duration-ms="15705">
      <class name="Core.SecurityManagement.RoleManagementTest">
        <test-method is-config="true" signature="reference()[pri:0, instance:Core.SecurityManagement.RoleManagementTest@139982de]" started-at="2025-05-15T11:13:01 IST" name="reference" finished-at="2025-05-15T11:14:34 IST" duration-ms="93042" status="PASS">
          <reporter-output>
          </reporter-output>
        </test-method> <!-- reference -->
        <test-method is-config="true" signature="ExtentTestManagerStartTest(java.lang.reflect.Method)[pri:0, instance:Core.SecurityManagement.RoleManagementTest@139982de]" started-at="2025-05-15T11:14:34 IST" name="ExtentTestManagerStartTest" finished-at="2025-05-15T11:14:35 IST" duration-ms="645" status="PASS">
          <params>
            <param index="0">
              <value>
                <![CDATA[public void Core.SecurityManagement.RoleManagementTest.Navigation_to_Role_Management_Page() throws java.lang.Throwable]]>
              </value>
            </param>
          </params>
          <reporter-output>
          </reporter-output>
        </test-method> <!-- ExtentTestManagerStartTest -->
        <test-method signature="Navigation_to_Role_Management_Page()[pri:1, instance:Core.SecurityManagement.RoleManagementTest@139982de]" started-at="2025-05-15T11:14:35 IST" name="Navigation_to_Role_Management_Page" finished-at="2025-05-15T11:14:48 IST" duration-ms="13121" status="PASS">
          <reporter-output>
          </reporter-output>
        </test-method> <!-- Navigation_to_Role_Management_Page -->
        <test-method is-config="true" signature="ExtentTestManagerStartTest(java.lang.reflect.Method)[pri:0, instance:Core.SecurityManagement.RoleManagementTest@139982de]" started-at="2025-05-15T11:14:50 IST" name="ExtentTestManagerStartTest" finished-at="2025-05-15T11:14:50 IST" duration-ms="2" status="PASS">
          <params>
            <param index="0">
              <value>
                <![CDATA[public void Core.SecurityManagement.RoleManagementTest.EnterTestRole(java.util.Map,org.testng.ITestContext) throws java.lang.Throwable]]>
              </value>
            </param>
          </params>
          <reporter-output>
          </reporter-output>
        </test-method> <!-- ExtentTestManagerStartTest -->
        <test-method signature="EnterTestRole(java.util.Map, org.testng.ITestContext)[pri:2, instance:Core.SecurityManagement.RoleManagementTest@139982de]" started-at="2025-05-15T11:14:50 IST" name="EnterTestRole" data-provider="TestData" finished-at="2025-05-15T11:14:50 IST" duration-ms="182" status="PASS">
          <params>
            <param index="0">
              <value>
                <![CDATA[{Run=Yes, TestRole=TestRole, TestScenario=CoreRoleManagement}]]>
              </value>
            </param>
            <param index="1">
              <value>
                <![CDATA[org.testng.TestRunner@524241d9]]>
              </value>
            </param>
          </params>
          <reporter-output>
          </reporter-output>
        </test-method> <!-- EnterTestRole -->
      </class> <!-- Core.SecurityManagement.RoleManagementTest -->
    </test> <!-- Default test -->
  </suite> <!-- Default suite -->
</testng-results>
