<?xml version="1.0" encoding="UTF-8"?>
<testng-results ignored="0" total="8" passed="8" failed="0" skipped="0">
  <reporter-output>
  </reporter-output>
  <suite started-at="2025-06-09T17:55:37 IST" name="Default suite" finished-at="2025-06-09T18:13:38 IST" duration-ms="1081318">
    <groups>
    </groups>
    <test started-at="2025-06-09T17:55:37 IST" name="Default test" finished-at="2025-06-09T18:13:38 IST" duration-ms="1081318">
      <class name="com.test.CollectionAgency_AllocationSummary.All_Scenrios_CollectionAgency_Allocation_Summary_Test">
        <test-method is-config="true" signature="SetUp()[pri:0, instance:com.test.CollectionAgency_AllocationSummary.All_Scenrios_CollectionAgency_Allocation_Summary_Test@aba625]" started-at="2025-06-09T17:55:37 IST" name="SetUp" finished-at="2025-06-09T17:55:37 IST" duration-ms="16" status="PASS">
          <reporter-output>
          </reporter-output>
        </test-method> <!-- SetUp -->
        <test-method is-config="true" signature="setupTest(java.lang.reflect.Method)[pri:0, instance:com.test.CollectionAgency_AllocationSummary.All_Scenrios_CollectionAgency_Allocation_Summary_Test@aba625]" started-at="2025-06-09T17:55:37 IST" name="setupTest" finished-at="2025-06-09T17:55:37 IST" duration-ms="149" status="PASS">
          <params>
            <param index="0">
              <value>
                <![CDATA[public void com.test.CollectionAgency_AllocationSummary.All_Scenrios_CollectionAgency_Allocation_Summary_Test.testLoginAndNavigateToDashboard() throws java.lang.Exception]]>
              </value>
            </param>
          </params>
          <reporter-output>
          </reporter-output>
        </test-method> <!-- setupTest -->
        <test-method signature="testLoginAndNavigateToDashboard()[pri:1, instance:com.test.CollectionAgency_AllocationSummary.All_Scenrios_CollectionAgency_Allocation_Summary_Test@aba625]" started-at="2025-06-09T17:55:37 IST" name="testLoginAndNavigateToDashboard" finished-at="2025-06-09T17:56:40 IST" duration-ms="63238" status="PASS">
          <reporter-output>
          </reporter-output>
        </test-method> <!-- testLoginAndNavigateToDashboard -->
        <test-method is-config="true" signature="takeScreenshotOnFailure(org.testng.ITestResult)[pri:0, instance:com.test.CollectionAgency_AllocationSummary.All_Scenrios_CollectionAgency_Allocation_Summary_Test@aba625]" started-at="2025-06-09T17:56:40 IST" name="takeScreenshotOnFailure" finished-at="2025-06-09T17:56:40 IST" duration-ms="1" status="PASS">
          <params>
            <param index="0">
              <value>
                <![CDATA[[TestResult name=testLoginAndNavigateToDashboard status=SUCCESS method=All_Scenrios_CollectionAgency_Allocation_Summary_Test.testLoginAndNavigateToDashboard()[pri:1, instance:com.test.CollectionAgency_AllocationSummary.All_Scenrios_CollectionAgency_Allocation_Summary_Test@aba625] output={null}]]]>
              </value>
            </param>
          </params>
          <reporter-output>
          </reporter-output>
        </test-method> <!-- takeScreenshotOnFailure -->
        <test-method signature="testGridColumnsDisplay()[pri:2, instance:com.test.CollectionAgency_AllocationSummary.All_Scenrios_CollectionAgency_Allocation_Summary_Test@aba625]" started-at="2025-06-09T17:56:40 IST" name="testGridColumnsDisplay" finished-at="2025-06-09T17:57:21 IST" depends-on-methods="com.test.CollectionAgency_AllocationSummary.All_Scenrios_CollectionAgency_Allocation_Summary_Test.testLoginAndNavigateToDashboard" duration-ms="40795" status="PASS">
          <reporter-output>
          </reporter-output>
        </test-method> <!-- testGridColumnsDisplay -->
        <test-method is-config="true" signature="setupTest(java.lang.reflect.Method)[pri:0, instance:com.test.CollectionAgency_AllocationSummary.All_Scenrios_CollectionAgency_Allocation_Summary_Test@aba625]" started-at="2025-06-09T17:56:40 IST" name="setupTest" finished-at="2025-06-09T17:56:40 IST" duration-ms="0" status="PASS">
          <params>
            <param index="0">
              <value>
                <![CDATA[public void com.test.CollectionAgency_AllocationSummary.All_Scenrios_CollectionAgency_Allocation_Summary_Test.testGridColumnsDisplay()]]>
              </value>
            </param>
          </params>
          <reporter-output>
          </reporter-output>
        </test-method> <!-- setupTest -->
        <test-method is-config="true" signature="takeScreenshotOnFailure(org.testng.ITestResult)[pri:0, instance:com.test.CollectionAgency_AllocationSummary.All_Scenrios_CollectionAgency_Allocation_Summary_Test@aba625]" started-at="2025-06-09T17:57:21 IST" name="takeScreenshotOnFailure" finished-at="2025-06-09T17:57:21 IST" duration-ms="0" status="PASS">
          <params>
            <param index="0">
              <value>
                <![CDATA[[TestResult name=testGridColumnsDisplay status=SUCCESS method=All_Scenrios_CollectionAgency_Allocation_Summary_Test.testGridColumnsDisplay()[pri:2, instance:com.test.CollectionAgency_AllocationSummary.All_Scenrios_CollectionAgency_Allocation_Summary_Test@aba625] output={null}]]]>
              </value>
            </param>
          </params>
          <reporter-output>
          </reporter-output>
        </test-method> <!-- takeScreenshotOnFailure -->
        <test-method is-config="true" signature="setupTest(java.lang.reflect.Method)[pri:0, instance:com.test.CollectionAgency_AllocationSummary.All_Scenrios_CollectionAgency_Allocation_Summary_Test@aba625]" started-at="2025-06-09T17:57:21 IST" name="setupTest" finished-at="2025-06-09T17:57:21 IST" duration-ms="1" status="PASS">
          <params>
            <param index="0">
              <value>
                <![CDATA[public void com.test.CollectionAgency_AllocationSummary.All_Scenrios_CollectionAgency_Allocation_Summary_Test.testDownloadAccountDetails() throws java.io.IOException,java.lang.InterruptedException]]>
              </value>
            </param>
          </params>
          <reporter-output>
          </reporter-output>
        </test-method> <!-- setupTest -->
        <test-method signature="testDownloadAccountDetails()[pri:3, instance:com.test.CollectionAgency_AllocationSummary.All_Scenrios_CollectionAgency_Allocation_Summary_Test@aba625]" started-at="2025-06-09T17:57:21 IST" name="testDownloadAccountDetails" finished-at="2025-06-09T17:57:40 IST" depends-on-methods="com.test.CollectionAgency_AllocationSummary.All_Scenrios_CollectionAgency_Allocation_Summary_Test.testGridColumnsDisplay" duration-ms="19258" status="PASS">
          <reporter-output>
          </reporter-output>
        </test-method> <!-- testDownloadAccountDetails -->
        <test-method is-config="true" signature="takeScreenshotOnFailure(org.testng.ITestResult)[pri:0, instance:com.test.CollectionAgency_AllocationSummary.All_Scenrios_CollectionAgency_Allocation_Summary_Test@aba625]" started-at="2025-06-09T17:57:40 IST" name="takeScreenshotOnFailure" finished-at="2025-06-09T17:57:40 IST" duration-ms="2" status="PASS">
          <params>
            <param index="0">
              <value>
                <![CDATA[[TestResult name=testDownloadAccountDetails status=SUCCESS method=All_Scenrios_CollectionAgency_Allocation_Summary_Test.testDownloadAccountDetails()[pri:3, instance:com.test.CollectionAgency_AllocationSummary.All_Scenrios_CollectionAgency_Allocation_Summary_Test@aba625] output={null}]]]>
              </value>
            </param>
          </params>
          <reporter-output>
          </reporter-output>
        </test-method> <!-- takeScreenshotOnFailure -->
        <test-method is-config="true" signature="setupTest(java.lang.reflect.Method)[pri:0, instance:com.test.CollectionAgency_AllocationSummary.All_Scenrios_CollectionAgency_Allocation_Summary_Test@aba625]" started-at="2025-06-09T17:57:40 IST" name="setupTest" finished-at="2025-06-09T17:57:40 IST" duration-ms="2" status="PASS">
          <params>
            <param index="0">
              <value>
                <![CDATA[public void com.test.CollectionAgency_AllocationSummary.All_Scenrios_CollectionAgency_Allocation_Summary_Test.testEmptyGridError()]]>
              </value>
            </param>
          </params>
          <reporter-output>
          </reporter-output>
        </test-method> <!-- setupTest -->
        <test-method signature="testEmptyGridError()[pri:4, instance:com.test.CollectionAgency_AllocationSummary.All_Scenrios_CollectionAgency_Allocation_Summary_Test@aba625]" started-at="2025-06-09T17:57:40 IST" name="testEmptyGridError" finished-at="2025-06-09T17:57:51 IST" depends-on-methods="com.test.CollectionAgency_AllocationSummary.All_Scenrios_CollectionAgency_Allocation_Summary_Test.testDownloadAccountDetails" duration-ms="10514" status="PASS">
          <reporter-output>
          </reporter-output>
        </test-method> <!-- testEmptyGridError -->
        <test-method is-config="true" signature="takeScreenshotOnFailure(org.testng.ITestResult)[pri:0, instance:com.test.CollectionAgency_AllocationSummary.All_Scenrios_CollectionAgency_Allocation_Summary_Test@aba625]" started-at="2025-06-09T17:57:51 IST" name="takeScreenshotOnFailure" finished-at="2025-06-09T17:57:51 IST" duration-ms="0" status="PASS">
          <params>
            <param index="0">
              <value>
                <![CDATA[[TestResult name=testEmptyGridError status=SUCCESS method=All_Scenrios_CollectionAgency_Allocation_Summary_Test.testEmptyGridError()[pri:4, instance:com.test.CollectionAgency_AllocationSummary.All_Scenrios_CollectionAgency_Allocation_Summary_Test@aba625] output={null}]]]>
              </value>
            </param>
          </params>
          <reporter-output>
          </reporter-output>
        </test-method> <!-- takeScreenshotOnFailure -->
        <test-method signature="testAgentCretion()[pri:5, instance:com.test.CollectionAgency_AllocationSummary.All_Scenrios_CollectionAgency_Allocation_Summary_Test@aba625]" started-at="2025-06-09T17:57:51 IST" name="testAgentCretion" finished-at="2025-06-09T17:58:41 IST" depends-on-methods="com.test.CollectionAgency_AllocationSummary.All_Scenrios_CollectionAgency_Allocation_Summary_Test.testEmptyGridError" duration-ms="49728" status="PASS">
          <reporter-output>
          </reporter-output>
        </test-method> <!-- testAgentCretion -->
        <test-method is-config="true" signature="setupTest(java.lang.reflect.Method)[pri:0, instance:com.test.CollectionAgency_AllocationSummary.All_Scenrios_CollectionAgency_Allocation_Summary_Test@aba625]" started-at="2025-06-09T17:57:51 IST" name="setupTest" finished-at="2025-06-09T17:57:51 IST" duration-ms="0" status="PASS">
          <params>
            <param index="0">
              <value>
                <![CDATA[public void com.test.CollectionAgency_AllocationSummary.All_Scenrios_CollectionAgency_Allocation_Summary_Test.testAgentCretion() throws java.lang.Exception]]>
              </value>
            </param>
          </params>
          <reporter-output>
          </reporter-output>
        </test-method> <!-- setupTest -->
        <test-method is-config="true" signature="takeScreenshotOnFailure(org.testng.ITestResult)[pri:0, instance:com.test.CollectionAgency_AllocationSummary.All_Scenrios_CollectionAgency_Allocation_Summary_Test@aba625]" started-at="2025-06-09T17:58:41 IST" name="takeScreenshotOnFailure" finished-at="2025-06-09T17:58:41 IST" duration-ms="1" status="PASS">
          <params>
            <param index="0">
              <value>
                <![CDATA[[TestResult name=testAgentCretion status=SUCCESS method=All_Scenrios_CollectionAgency_Allocation_Summary_Test.testAgentCretion()[pri:5, instance:com.test.CollectionAgency_AllocationSummary.All_Scenrios_CollectionAgency_Allocation_Summary_Test@aba625] output={null}]]]>
              </value>
            </param>
          </params>
          <reporter-output>
          </reporter-output>
        </test-method> <!-- takeScreenshotOnFailure -->
        <test-method is-config="true" signature="setupTest(java.lang.reflect.Method)[pri:0, instance:com.test.CollectionAgency_AllocationSummary.All_Scenrios_CollectionAgency_Allocation_Summary_Test@aba625]" started-at="2025-06-09T17:58:41 IST" name="setupTest" finished-at="2025-06-09T17:58:41 IST" duration-ms="1" status="PASS">
          <params>
            <param index="0">
              <value>
                <![CDATA[public void com.test.CollectionAgency_AllocationSummary.All_Scenrios_CollectionAgency_Allocation_Summary_Test.testAgenyAllocationEndToEnd() throws java.lang.Exception]]>
              </value>
            </param>
          </params>
          <reporter-output>
          </reporter-output>
        </test-method> <!-- setupTest -->
        <test-method signature="testAgenyAllocationEndToEnd()[pri:6, instance:com.test.CollectionAgency_AllocationSummary.All_Scenrios_CollectionAgency_Allocation_Summary_Test@aba625]" started-at="2025-06-09T17:58:41 IST" name="testAgenyAllocationEndToEnd" finished-at="2025-06-09T18:02:03 IST" depends-on-methods="com.test.CollectionAgency_AllocationSummary.All_Scenrios_CollectionAgency_Allocation_Summary_Test.testAgentCretion" duration-ms="202470" status="PASS">
          <reporter-output>
          </reporter-output>
        </test-method> <!-- testAgenyAllocationEndToEnd -->
        <test-method is-config="true" signature="takeScreenshotOnFailure(org.testng.ITestResult)[pri:0, instance:com.test.CollectionAgency_AllocationSummary.All_Scenrios_CollectionAgency_Allocation_Summary_Test@aba625]" started-at="2025-06-09T18:02:03 IST" name="takeScreenshotOnFailure" finished-at="2025-06-09T18:02:03 IST" duration-ms="1" status="PASS">
          <params>
            <param index="0">
              <value>
                <![CDATA[[TestResult name=testAgenyAllocationEndToEnd status=SUCCESS method=All_Scenrios_CollectionAgency_Allocation_Summary_Test.testAgenyAllocationEndToEnd()[pri:6, instance:com.test.CollectionAgency_AllocationSummary.All_Scenrios_CollectionAgency_Allocation_Summary_Test@aba625] output={null}]]]>
              </value>
            </param>
          </params>
          <reporter-output>
          </reporter-output>
        </test-method> <!-- takeScreenshotOnFailure -->
        <test-method is-config="true" signature="setupTest(java.lang.reflect.Method)[pri:0, instance:com.test.CollectionAgency_AllocationSummary.All_Scenrios_CollectionAgency_Allocation_Summary_Test@aba625]" started-at="2025-06-09T18:02:03 IST" name="setupTest" finished-at="2025-06-09T18:02:03 IST" duration-ms="4" status="PASS">
          <params>
            <param index="0">
              <value>
                <![CDATA[public void com.test.CollectionAgency_AllocationSummary.All_Scenrios_CollectionAgency_Allocation_Summary_Test.testAgentAllocationEndToEnd() throws java.lang.Exception]]>
              </value>
            </param>
          </params>
          <reporter-output>
          </reporter-output>
        </test-method> <!-- setupTest -->
        <test-method signature="testAgentAllocationEndToEnd()[pri:7, instance:com.test.CollectionAgency_AllocationSummary.All_Scenrios_CollectionAgency_Allocation_Summary_Test@aba625]" started-at="2025-06-09T18:02:03 IST" name="testAgentAllocationEndToEnd" finished-at="2025-06-09T18:12:01 IST" depends-on-methods="com.test.CollectionAgency_AllocationSummary.All_Scenrios_CollectionAgency_Allocation_Summary_Test.testAgenyAllocationEndToEnd" duration-ms="597940" status="PASS">
          <reporter-output>
          </reporter-output>
        </test-method> <!-- testAgentAllocationEndToEnd -->
        <test-method is-config="true" signature="takeScreenshotOnFailure(org.testng.ITestResult)[pri:0, instance:com.test.CollectionAgency_AllocationSummary.All_Scenrios_CollectionAgency_Allocation_Summary_Test@aba625]" started-at="2025-06-09T18:12:01 IST" name="takeScreenshotOnFailure" finished-at="2025-06-09T18:12:01 IST" duration-ms="1" status="PASS">
          <params>
            <param index="0">
              <value>
                <![CDATA[[TestResult name=testAgentAllocationEndToEnd status=SUCCESS method=All_Scenrios_CollectionAgency_Allocation_Summary_Test.testAgentAllocationEndToEnd()[pri:7, instance:com.test.CollectionAgency_AllocationSummary.All_Scenrios_CollectionAgency_Allocation_Summary_Test@aba625] output={null}]]]>
              </value>
            </param>
          </params>
          <reporter-output>
          </reporter-output>
        </test-method> <!-- takeScreenshotOnFailure -->
        <test-method is-config="true" signature="setupTest(java.lang.reflect.Method)[pri:0, instance:com.test.CollectionAgency_AllocationSummary.All_Scenrios_CollectionAgency_Allocation_Summary_Test@aba625]" started-at="2025-06-09T18:12:01 IST" name="setupTest" finished-at="2025-06-09T18:12:01 IST" duration-ms="1" status="PASS">
          <params>
            <param index="0">
              <value>
                <![CDATA[public void com.test.CollectionAgency_AllocationSummary.All_Scenrios_CollectionAgency_Allocation_Summary_Test.testDownloadedFileFormat() throws java.io.IOException,java.lang.InterruptedException]]>
              </value>
            </param>
          </params>
          <reporter-output>
          </reporter-output>
        </test-method> <!-- setupTest -->
        <test-method signature="testDownloadedFileFormat()[pri:8, instance:com.test.CollectionAgency_AllocationSummary.All_Scenrios_CollectionAgency_Allocation_Summary_Test@aba625]" started-at="2025-06-09T18:12:01 IST" name="testDownloadedFileFormat" finished-at="2025-06-09T18:13:37 IST" depends-on-methods="com.test.CollectionAgency_AllocationSummary.All_Scenrios_CollectionAgency_Allocation_Summary_Test.testAgentAllocationEndToEnd" duration-ms="95361" status="PASS">
          <reporter-output>
          </reporter-output>
        </test-method> <!-- testDownloadedFileFormat -->
        <test-method is-config="true" signature="takeScreenshotOnFailure(org.testng.ITestResult)[pri:0, instance:com.test.CollectionAgency_AllocationSummary.All_Scenrios_CollectionAgency_Allocation_Summary_Test@aba625]" started-at="2025-06-09T18:13:37 IST" name="takeScreenshotOnFailure" finished-at="2025-06-09T18:13:37 IST" duration-ms="0" status="PASS">
          <params>
            <param index="0">
              <value>
                <![CDATA[[TestResult name=testDownloadedFileFormat status=SUCCESS method=All_Scenrios_CollectionAgency_Allocation_Summary_Test.testDownloadedFileFormat()[pri:8, instance:com.test.CollectionAgency_AllocationSummary.All_Scenrios_CollectionAgency_Allocation_Summary_Test@aba625] output={null}]]]>
              </value>
            </param>
          </params>
          <reporter-output>
          </reporter-output>
        </test-method> <!-- takeScreenshotOnFailure -->
        <test-method is-config="true" signature="afterEachTest()[pri:0, instance:com.test.CollectionAgency_AllocationSummary.All_Scenrios_CollectionAgency_Allocation_Summary_Test@aba625]" started-at="2025-06-09T18:13:37 IST" name="afterEachTest" finished-at="2025-06-09T18:13:38 IST" duration-ms="1761" status="PASS">
          <reporter-output>
          </reporter-output>
        </test-method> <!-- afterEachTest -->
      </class> <!-- com.test.CollectionAgency_AllocationSummary.All_Scenrios_CollectionAgency_Allocation_Summary_Test -->
    </test> <!-- Default test -->
  </suite> <!-- Default suite -->
</testng-results>
