<?xml version="1.0" encoding="UTF-8"?>
<!-- Generated by org.testng.reporters.JUnitXMLReporter -->
<testsuite ignored="0" hostname="TVMSPRMSPERFDB" failures="0" tests="59" name="Core - Disposition" time="524.931" errors="0" timestamp="2025-05-12T22:51:16 IST">
  <testcase classname="Core.Disposition.Disposition_Master_Test" name="Verify_Disposition_Master_Navigation" time="16.741"/>
  <testcase classname="Core.Disposition.Disposition_Master_Test" name="Verify_Initial_Load_of_Active_Dispositions" time="33.111"/>
  <testcase classname="Core.Disposition.Disposition_Master_Test" name="Action_Owner_Dropdown_Selections" time="3.543"/>
  <testcase classname="Core.Disposition.Disposition_Master_Test" name="Verify_Is_Active_Checkbox_Default_State" time="3.05"/>
  <testcase classname="Core.Disposition.Disposition_Master_Test" name="Verify_Action_Column_Options" time="3.219"/>
  <testcase classname="Core.Disposition.Disposition_Master_Test" name="Verify_Status_Column_Appearance" time="3.18"/>
  <testcase classname="Core.Disposition.Disposition_Master_Test" name="Validate_Pagination__Initial_Load" time="3.178"/>
  <testcase classname="Core.Disposition.Disposition_Master_Test" name="Validate_Next_Button" time="4.347"/>
  <testcase classname="Core.Disposition.Disposition_Master_Test" name="Validate_Previous_Button" time="3.826"/>
  <testcase classname="Core.Disposition.Disposition_Master_Test" name="Validate_Button__Jump_to_Last_Page" time="13.811"/>
  <testcase classname="Core.Disposition.Disposition_Master_Test" name="Validate_Button__Jump_to_First_Page" time="3.833"/>
  <testcase classname="Core.Disposition.Disposition_Master_Test" name="Open_Add_Disposition_Form" time="3.468"/>
  <testcase classname="Core.Disposition.Disposition_Master_Test" name="Close_Add_Disposition_Form" time="3.207"/>
  <testcase classname="Core.Disposition.Disposition_Master_Test" name="Add_Disposition__Submit_with_All_Fields_Valid" time="4.916"/>
  <testcase classname="Core.Disposition.Disposition_Master_Test" name="Test_Disposition_Grid_Visibility" time="3.157"/>
  <testcase classname="Core.Disposition.Disposition_Master_Test" name="Action_Owner_Multi_select_Functionality" time="4.199"/>
  <testcase classname="Core.Disposition.Disposition_Master_Test" name="Asset_Category_Multi_select_Functionality" time="3.388"/>
  <testcase classname="Core.Disposition.Disposition_Master_Test" name="Select_All_Functionality__Action_Owner" time="4.022"/>
  <testcase classname="Core.Disposition.Disposition_Master_Test" name="Deselecting_Via_Multi_select__Action_Owner" time="3.115"/>
  <testcase classname="Core.Disposition.Disposition_Master_Test" name="Select_All_Functionality__Asset_Category" time="3.215"/>
  <testcase classname="Core.Disposition.Disposition_Master_Test" name="Deselecting_Via_Multi_select__Asset_Category" time="3.121"/>
  <testcase classname="Core.Disposition.Disposition_Master_Test" name="Verify_Add_Disposition_without_Selection" time="3.957"/>
  <testcase classname="Core.Disposition.Disposition_Master_Test" name="Add_Disposition_with_Existing_Name" time="4.903"/>
  <testcase classname="Core.Disposition.Disposition_Master_Test" name="Edit_Disposition_Popup_Display" time="6.551"/>
  <testcase classname="Core.Disposition.Disposition_Master_Test" name="Update_Without_Changes" time="3.724"/>
  <testcase classname="Core.Disposition.Disposition_Master_Test" name="Verify_Add_Disposition_with_Valid_Data" time="6.559"/>
  <testcase classname="Core.Disposition.Disposition_Master_Test" name="Change_Name_to_Existing_and_Update" time="4.71"/>
  <testcase classname="Core.Disposition.Disposition_Master_Test" name="Edit_and_Verify_Disposition_Changes" time="12.372"/>
  <testcase classname="Core.Disposition.Disposition_Master_Test" name="Deactivate_Disposition" time="4.383"/>
  <testcase classname="Core.Disposition.Disposition_Master_Test" name="Search_Deactivated_Disposition" time="4.46"/>
  <testcase classname="Core.Disposition.Disposition_Master_Test" name="Activate_Deactivated_Disposition" time="4.355"/>
  <testcase classname="Core.Disposition.Disposition_Master_Test" name="Search_Active_Disposition" time="4.358"/>
  <testcase classname="Core.Disposition.Disposition_Master_Test" name="Verify_Sub_Disposition_Tab_UI_Elements" time="3.274"/>
  <testcase classname="Core.Disposition.Disposition_Master_Test" name="Verify_Add_Sub_Disposition_Popup" time="3.355"/>
  <testcase classname="Core.Disposition.Disposition_Master_Test" name="Close_Add_Sub_Disposition_Popup" time="3.139"/>
  <testcase classname="Core.Disposition.Disposition_Master_Test" name="Add_New_Sub_Disposition" time="8.994"/>
  <testcase classname="Core.Disposition.Disposition_Master_Test" name="Add_Duplicate_Sub_Disposition" time="9.01"/>
  <testcase classname="Core.Disposition.Disposition_Master_Test" name="Edit_Sub_Disposition_Popup_Display" time="5.728"/>
  <testcase classname="Core.Disposition.Disposition_Master_Test" name="Update_Sub_Disposition_Without_Changes" time="4.603"/>
  <testcase classname="Core.Disposition.Disposition_Master_Test" name="Update_Sub_Disposition_with_Duplicate_Name" time="5.526"/>
  <testcase classname="Core.Disposition.Disposition_Master_Test" name="Update_Sub_Disposition_Successfully" time="7.653"/>
  <testcase classname="Core.Disposition.Disposition_Master_Test" name="Deactivate_Sub_Disposition" time="6.489"/>
  <testcase classname="Core.Disposition.Disposition_Master_Test" name="Search_Deactivated_Sub_Disposition" time="6.574"/>
  <testcase classname="Core.Disposition.Disposition_Master_Test" name="Reactivate_Sub_Disposition" time="4.478"/>
  <testcase classname="Core.Disposition.Disposition_Master_Test" name="Search_Active_Sub_Disposition" time="11.594"/>
  <testcase classname="Core.Disposition.Updation_Of_Disposition_Test" name="Open_Updation_of_Disposition_Screen" time="4.451"/>
  <testcase classname="Core.Disposition.Updation_Of_Disposition_Test" name="Account_Number_Field__ECP_Validations" time="3.208"/>
  <testcase classname="Core.Disposition.Updation_Of_Disposition_Test" name="Attempt_to_Enter_More_than_25_Characters" time="3.123"/>
  <testcase classname="Core.Disposition.Updation_Of_Disposition_Test" name="Enter_Invalid_Account_Number_and_Search" time="10.086"/>
  <testcase classname="Core.Disposition.Updation_Of_Disposition_Test" name="Search_with_Empty_Account_Number_Field" time="8.937"/>
  <testcase classname="Core.Disposition.Updation_Of_Disposition_Test" name="Enter_invalid_Account_Number_which_is_user_not_assigned_branches_and_Search" time="27.457"/>
  <testcase classname="Core.Disposition.Updation_Of_Disposition_Test" name="Enter_Valid_Account_Number_and_Search" time="15.655"/>
  <testcase classname="Core.Disposition.Updation_Of_Disposition_Test" name="Add_New_Interaction_Details__All_Fields_Missing_Validation" time="5.34"/>
  <testcase classname="Core.Disposition.Updation_Of_Disposition_Test" name="Add_New_Interaction_Details__Disposition_Missing_Validation" time="5.612"/>
  <testcase classname="Core.Disposition.Updation_Of_Disposition_Test" name="Add_New_Interaction_Details__Sub_Disposition_Missing_Validation" time="6.331"/>
  <testcase classname="Core.Disposition.Updation_Of_Disposition_Test" name="Add_New_Interaction_Details__NextAction_Date_Missing_Validation" time="5.635"/>
  <testcase classname="Core.Disposition.Updation_Of_Disposition_Test" name="Add_New_Interaction_Details__Remark_Missing_Validation" time="7.419"/>
  <testcase classname="Core.Disposition.Updation_Of_Disposition_Test" name="Add_New_Interaction_Details__Successful_Form_Submission" time="10.2"/>
  <testcase classname="Core.Disposition.Updation_Of_Disposition_Test" name="Verify_successfully_saved_interaction_in_history_of_interaction_details_section" time="14.871"/>
</testsuite> <!-- Core - Disposition -->
