<?xml version="1.0" encoding="UTF-8"?>
<!-- Generated by org.testng.reporters.JUnitXMLReporter -->
<testsuite ignored="0" hostname="TVMSPRMSPERFDB" failures="0" tests="117" name="Core - Call centre" time="1462.316" errors="0" timestamp="2025-05-12T23:15:38 IST">
  <testcase classname="Core.CallCentre.AutoAllocation_TestClass" name="Login_to_call_centre_application_and_take_account_filtration_page" time="4.626"/>
  <testcase classname="Core.CallCentre.AutoAllocation_TestClass" name="Allocated_To_dropdown_mandatory_checking" time="9.132"/>
  <testcase classname="Core.CallCentre.AutoAllocation_TestClass" name="Asset_category_dropdown_mandatory_checking" time="9.131"/>
  <testcase classname="Core.CallCentre.AutoAllocation_TestClass" name="Select_SMA_and_NPA_Categories" time="5.087"/>
  <testcase classname="Core.CallCentre.AutoAllocation_TestClass" name="SMA_Category_Selection" time="3.426"/>
  <testcase classname="Core.CallCentre.AutoAllocation_TestClass" name="NPA_Category_Selection" time="3.427"/>
  <testcase classname="Core.CallCentre.AutoAllocation_TestClass" name="Allocation_Type_Selection__Auto" time="4.124"/>
  <testcase classname="Core.CallCentre.AutoAllocation_TestClass" name="Perform_Search_with_Valid_Data" time="6.05"/>
  <testcase classname="Core.CallCentre.AutoAllocation_TestClass" name="Login_to_beacon_fcm_core_application_Verify_Auto_Allocation_Page_Load" time="71.509"/>
  <testcase classname="Core.CallCentre.AutoAllocation_TestClass" name="Verify_Fields_and_Buttons_on_Auto_Allocation_Page" time="3.86"/>
  <testcase classname="Core.CallCentre.AutoAllocation_TestClass" name="Enter_Allocation_Name_with_Alphabets" time="3.517"/>
  <testcase classname="Core.CallCentre.AutoAllocation_TestClass" name="Select_effect_Date_from_Date_Picker" time="3.386"/>
  <testcase classname="Core.CallCentre.AutoAllocation_TestClass" name="Select_NPA_and_SMA_Category_Checkbox" time="45.371"/>
  <testcase classname="Core.CallCentre.AutoAllocation_TestClass" name="Select_Zone_from_Dropdown" time="8.374"/>
  <testcase classname="Core.CallCentre.AutoAllocation_TestClass" name="Select_Processing_Interval_from_Dropdown" time="8.432"/>
  <testcase classname="Core.CallCentre.AutoAllocation_TestClass" name="Select_To_Dropdown" time="8.476"/>
  <testcase classname="Core.CallCentre.AutoAllocation_TestClass" name="Add_New_Allocation_Name" time="3.98"/>
  <testcase classname="Core.CallCentre.AutoAllocation_TestClass" name="Verify_Allocation_Name_Status_After_Creation" time="4.07"/>
  <testcase classname="Core.CallCentre.AutoAllocation_TestClass" name="Deactivate_Allocation_Name" time="12.111"/>
  <testcase classname="Core.CallCentre.AutoAllocation_TestClass" name="Reactivate_Allocation_Name" time="12.566"/>
  <testcase classname="Core.CallCentre.AutoAllocation_TestClass" name="Run_Database_Package_and_Verify_Accounts_Insertion" time="165.896"/>
  <testcase classname="Core.CallCentre.AutoAllocation_TestClass" name="Login_to_call_centre_application_and_take_account_filtration_pages" time="64.085"/>
  <testcase classname="Core.CallCentre.AutoAllocation_TestClass" name="Select_SMA_and_NPA_Categorie" time="5.109"/>
  <testcase classname="Core.CallCentre.AutoAllocation_TestClass" name="SMA_Category_Selections" time="3.421"/>
  <testcase classname="Core.CallCentre.AutoAllocation_TestClass" name="NPA_Category_Selections" time="4.071"/>
  <testcase classname="Core.CallCentre.AutoAllocation_TestClass" name="Allocation_Type_Selections__Auto" time="4.281"/>
  <testcase classname="Core.CallCentre.AutoAllocation_TestClass" name="Allocated_To_Selection__Call_Centre" time="3.644"/>
  <testcase classname="Core.CallCentre.AutoAllocation_TestClass" name="Perform_Search_with_Valid_Datas" time="8.117"/>
  <testcase classname="Core.CallCentre.AutoAllocation_TestClass" name="Verify_Total_Account_and_Amount_in_Grid" time="3.042"/>
  <testcase classname="Core.CallCentre.AutoAllocation_TestClass" name="Download_File__List_of_Accounts" time="9.539"/>
  <testcase classname="Core.CallCentre.AutoAllocation_TestClass" name="Verify_Downloaded_File" time="3.082"/>
  <testcase classname="Core.CallCentre.AutoAllocation_TestClass" name="Download_Dialer_File" time="7.856"/>
  <testcase classname="Core.CallCentre.AutoAllocation_TestClass" name="Verify_Dialer_Downloaded_File" time="3.042"/>
  <testcase classname="Core.CallCentre.AutoAllocation_TestClass" name="Download_Invalid_MobileNo_Excel_File" time="9.912"/>
  <testcase classname="Core.CallCentre.AutoAllocation_TestClass" name="Verify_Invalid_Mobile_Number_Downloaded_File" time="3.023"/>
  <testcase classname="Core.CallCentre.AutoAllocation_TestClass" name="Verify_Download_History" time="5.575"/>
  <testcase classname="Core.CallCentre.ManualAllocation_TestClass" name="Login_to_call_centre_application_and_take_account_filtration_page" time="4.622"/>
  <testcase classname="Core.CallCentre.ManualAllocation_TestClass" name="Allocated_To_dropdown_mandatory_checking" time="9.105"/>
  <testcase classname="Core.CallCentre.ManualAllocation_TestClass" name="Asset_category_dropdown_mandatory_checking" time="9.273"/>
  <testcase classname="Core.CallCentre.ManualAllocation_TestClass" name="Select_SMA_and_NPA_Categories" time="5.064"/>
  <testcase classname="Core.CallCentre.ManualAllocation_TestClass" name="SMA_Category_Selection" time="3.43"/>
  <testcase classname="Core.CallCentre.ManualAllocation_TestClass" name="NPA_Category_Selection_" time="3.434"/>
  <testcase classname="Core.CallCentre.ManualAllocation_TestClass" name="Allocation_Type_Selection_Manual_allocation" time="4.156"/>
  <testcase classname="Core.CallCentre.ManualAllocation_TestClass" name="Perform_Search_with_Valid_Data" time="6.91"/>
  <testcase classname="Core.CallCentre.ManualAllocation_TestClass" name="Login_and_Navigation_to_Manual_Allocation" time="64.118"/>
  <testcase classname="Core.CallCentre.ManualAllocation_TestClass" name="Verify_Fields_and_Buttons_on_Manual_Allocation_Page" time="4.871"/>
  <testcase classname="Core.CallCentre.ManualAllocation_TestClass" name="Mandatory_Field_Validation_for_Asset_Category" time="8.532"/>
  <testcase classname="Core.CallCentre.ManualAllocation_TestClass" name="Asset_Category_SMA_and_NPA_Selection" time="8.967"/>
  <testcase classname="Core.CallCentre.ManualAllocation_TestClass" name="SMA_Category_Dropdown_Selection" time="4.236"/>
  <testcase classname="Core.CallCentre.ManualAllocation_TestClass" name="NPA_Category_Dropdown_Selection" time="3.237"/>
  <testcase classname="Core.CallCentre.ManualAllocation_TestClass" name="OS_Balance_Field_Validation" time="3.643"/>
  <testcase classname="Core.CallCentre.ManualAllocation_TestClass" name="To_Field_Dropdown_Selection" time="3.457"/>
  <testcase classname="Core.CallCentre.ManualAllocation_TestClass" name="Search_with_Mandatory_Fields" time="11.048"/>
  <testcase classname="Core.CallCentre.ManualAllocation_TestClass" name="Download_Excel_Functionality" time="13.856"/>
  <testcase classname="Core.CallCentre.ManualAllocation_TestClass" name="Excel_Account_Count_Verification" time="3.849"/>
  <testcase classname="Core.CallCentre.ManualAllocation_TestClass" name="Login_to_call_centre_application_and_take_updation_of_disposition_page" time="58.272"/>
  <testcase classname="Core.CallCentre.ManualAllocation_TestClass" name="Login_and_Navigation_to_Manual_Allocation_Core_Application" time="66.241"/>
  <testcase classname="Core.CallCentre.ManualAllocation_TestClass" name="Mandatory_Field_Validation_for_Asset_Category_" time="9.521"/>
  <testcase classname="Core.CallCentre.ManualAllocation_TestClass" name="Asset_Category_SMA_and_NPA_Selection_" time="8.944"/>
  <testcase classname="Core.CallCentre.ManualAllocation_TestClass" name="SMA_Category_Dropdown_Selection_" time="4.236"/>
  <testcase classname="Core.CallCentre.ManualAllocation_TestClass" name="NPA_Category_Dropdown_Selection_" time="8.722"/>
  <testcase classname="Core.CallCentre.ManualAllocation_TestClass" name="OS_Balance_Field_Validation_" time="3.635"/>
  <testcase classname="Core.CallCentre.ManualAllocation_TestClass" name="To_Field_Dropdown_Selection_" time="3.453"/>
  <testcase classname="Core.CallCentre.ManualAllocation_TestClass" name="Search_with_Mandatory_Fields_" time="9.958"/>
  <testcase classname="Core.CallCentre.ManualAllocation_TestClass" name="Allocate_to_Field_Dropdown_Selection" time="3.321"/>
  <testcase classname="Core.CallCentre.ManualAllocation_TestClass" name="Select_Call_Centre_Field_Dropdown_Selection" time="3.335"/>
  <testcase classname="Core.CallCentre.ManualAllocation_TestClass" name="Assign_Button_Validation_Message" time="7.947"/>
  <testcase classname="Core.CallCentre.ManualAllocation_TestClass" name="Successful_Login_and_Navigation" time="56.841"/>
  <testcase classname="Core.CallCentre.ManualAllocation_TestClass" name="Verify_Mandatory_Fields" time="3.077"/>
  <testcase classname="Core.CallCentre.ManualAllocation_TestClass" name="Form_Submission_Without_Mandatory_Fields" time="9.13"/>
  <testcase classname="Core.CallCentre.ManualAllocation_TestClass" name="Asset_Category_Selection" time="5.127"/>
  <testcase classname="Core.CallCentre.ManualAllocation_TestClass" name="SMA_Category_Selection_" time="3.411"/>
  <testcase classname="Core.CallCentre.ManualAllocation_TestClass" name="NPA_Category_Selection" time="3.425"/>
  <testcase classname="Core.CallCentre.ManualAllocation_TestClass" name="Allocation_Type_Selection" time="4.117"/>
  <testcase classname="Core.CallCentre.ManualAllocation_TestClass" name="Allocated_To_Selection_Call_Centre" time="3.599"/>
  <testcase classname="Core.CallCentre.ManualAllocation_TestClass" name="Search_Functionality_with_Filters" time="4.944"/>
  <testcase classname="Core.CallCentre.ManualAllocation_TestClass" name="Download_File__List_of_Accounts" time="7.393"/>
  <testcase classname="Core.CallCentre.ManualAllocation_TestClass" name="Verify_Downloaded_File" time="4.421"/>
  <testcase classname="Core.CallCentre.ManualAllocation_TestClass" name="Verify_the_URL_after_navigating_to_the_Updation_of_Disposition_page" time="4.294"/>
  <testcase classname="Core.CallCentre.ManualAllocation_TestClass" name="Validate_presence_of_fields_and_buttons_on_the_Updation_of_Disposition_page" time="3.154"/>
  <testcase classname="Core.CallCentre.ManualAllocation_TestClass" name="Account_Number_Field_ECP_Validations" time="3.342"/>
  <testcase classname="Core.CallCentre.ManualAllocation_TestClass" name="Search_with_Invalid_Account_Number" time="9.376"/>
  <testcase classname="Core.CallCentre.ManualAllocation_TestClass" name="Search_with_Valid_Account_Number" time="11.274"/>
  <testcase classname="Core.CallCentre.ManualAllocation_TestClass" name="Verify_Fields_in_Add_Interaction_Details_Section" time="3.321"/>
  <testcase classname="Core.CallCentre.ManualAllocation_TestClass" name="Select_Internal_User_from_Action_Owner_Dropdown" time="3.287"/>
  <testcase classname="Core.CallCentre.ManualAllocation_TestClass" name="Select_Disposition_Type" time="3.982"/>
  <testcase classname="Core.CallCentre.ManualAllocation_TestClass" name="Select_Sub_Disposition" time="3.261"/>
  <testcase classname="Core.CallCentre.ManualAllocation_TestClass" name="Select_Date_in_Next_Action_Date_DatePicker" time="3.282"/>
  <testcase classname="Core.CallCentre.ManualAllocation_TestClass" name="Enter_Remarks_and_Save_Interaction" time="9.119"/>
  <testcase classname="Core.CallCentre.ManualAllocation_TestClass" name="Search_for_Previously_Saved_Account_Interaction_Details" time="10.381"/>
  <testcase classname="Core.CallCentre.RegularizationSummary_TestClass" name="Login_and_Navigation_to_Manual_Allocation" time="5.2"/>
  <testcase classname="Core.CallCentre.RegularizationSummary_TestClass" name="Asset_Category_SMA_and_NPA_Selection" time="8.951"/>
  <testcase classname="Core.CallCentre.RegularizationSummary_TestClass" name="SMA_Category_Dropdown_Selection" time="4.245"/>
  <testcase classname="Core.CallCentre.RegularizationSummary_TestClass" name="NPA_Category_Dropdown_Selection" time="3.241"/>
  <testcase classname="Core.CallCentre.RegularizationSummary_TestClass" name="OS_Balance_Field_Validation" time="3.67"/>
  <testcase classname="Core.CallCentre.RegularizationSummary_TestClass" name="To_Field_Dropdown_Selection" time="3.45"/>
  <testcase classname="Core.CallCentre.RegularizationSummary_TestClass" name="Search_with_Mandatory_Fields" time="12.391"/>
  <testcase classname="Core.CallCentre.RegularizationSummary_TestClass" name="Allocate_to_Field_Dropdown_Selection" time="3.308"/>
  <testcase classname="Core.CallCentre.RegularizationSummary_TestClass" name="Select_Call_Centre_Field_Dropdown_Selection" time="3.33"/>
  <testcase classname="Core.CallCentre.RegularizationSummary_TestClass" name="Assign_Button_Validation_Message" time="16.071"/>
  <testcase classname="Core.CallCentre.RegularizationSummary_TestClass" name="Create_entry_in_table_database" time="18.498"/>
  <testcase classname="Core.CallCentre.RegularizationSummary_TestClass" name="Side_Menu_Call_Centre_Listing" time="5.363"/>
  <testcase classname="Core.CallCentre.RegularizationSummary_TestClass" name="Sub_Menu_Regularization_Summary_Listing" time="3.118"/>
  <testcase classname="Core.CallCentre.RegularizationSummary_TestClass" name="Click_Regularization_Summary_" time="3.76"/>
  <testcase classname="Core.CallCentre.RegularizationSummary_TestClass" name="Regularization_Summary_Page_Dropdown_and_Search" time="3.054"/>
  <testcase classname="Core.CallCentre.RegularizationSummary_TestClass" name="Click_Search_Without_Selecting_Dropdown" time="8.386"/>
  <testcase classname="Core.CallCentre.RegularizationSummary_TestClass" name="Dropdown_Callcentre_Name" time="3.224"/>
  <testcase classname="Core.CallCentre.RegularizationSummary_TestClass" name="Search_Regularization_Summary" time="3.736"/>
  <testcase classname="Core.CallCentre.RegularizationSummary_TestClass" name="Download_the_regularization_summary_report" time="3.719"/>
  <testcase classname="Core.CallCentre.RegularizationSummary_TestClass" name="Data_Verification_in_Downloaded_File_" time="5.332"/>
  <testcase classname="Core.CallCentre.RegularizationSummary_TestClass" name="Download_the_regularization_summary_report_" time="5.806"/>
  <testcase classname="Core.CallCentre.RegularizationSummary_TestClass" name="Validate_Downloaded_File_" time="3.087"/>
  <testcase classname="Core.CallCentre.RegularizationSummary_TestClass" name="Login_to_call_centre_application" time="56.934"/>
  <testcase classname="Core.CallCentre.RegularizationSummary_TestClass" name="Click_Regularization_Summary" time="8.949"/>
  <testcase classname="Core.CallCentre.RegularizationSummary_TestClass" name="Data_Verification_in_Downloaded_File" time="5.329"/>
  <testcase classname="Core.CallCentre.RegularizationSummary_TestClass" name="Download_regularization_Summary" time="5.294"/>
  <testcase classname="Core.CallCentre.RegularizationSummary_TestClass" name="Validate_Downloaded_File" time="3.077"/>
</testsuite> <!-- Core - Call centre -->
